Log file open, 09/22/19 10:55:22
LogWindows: Failed to load 'aqProf.dll' (GetLastError=126)
LogWindows: File 'aqProf.dll' does not exist
LogWindows: Failed to load 'VtuneApi.dll' (GetLastError=126)
LogWindows: File 'VtuneApi.dll' does not exist
LogWindows: Failed to load 'VtuneApi32e.dll' (GetLastError=126)
LogWindows: File 'VtuneApi32e.dll' does not exist
LogConsoleResponse: Display: Failed to find resolution value strings in scalability ini. Falling back to default.
LogInit: Display: Running engine for game: MurphyStation
LogPakFile: Registered encryption key '00000000000000000000000000000000': 0 pak files mounted, 0 remain pending
LogPlatformFile: Not using cached read wrapper
LogTaskGraph: Started task graph with 5 named threads and 17 total threads with 3 sets of task threads.
LogStats: Stats thread started at 2.078374
LogD3D11RHI: Loaded GFSDK_Aftermath_Lib.x64.dll
LogICUInternationalization: ICU TimeZone Detection - Raw Offset: -5:00, Platform Override: ''
LogPluginManager: Mounting plugin Paper2D
LogPluginManager: Mounting plugin AISupport
LogPluginManager: Mounting plugin LightPropagationVolume
LogPluginManager: Mounting plugin ActorLayerUtilities
LogPluginManager: Mounting plugin AnimationSharing
LogPluginManager: Mounting plugin CLionSourceCodeAccess
LogPluginManager: Mounting plugin CodeLiteSourceCodeAccess
LogPluginManager: Mounting plugin GitSourceControl
LogPluginManager: Mounting plugin KDevelopSourceCodeAccess
LogPluginManager: Mounting plugin NullSourceCodeAccess
LogPluginManager: Mounting plugin PerforceSourceControl
LogPluginManager: Mounting plugin SubversionSourceControl
LogPluginManager: Mounting plugin UObjectPlugin
LogPluginManager: Mounting plugin VisualStudioCodeSourceCodeAccess
LogPluginManager: Mounting plugin VisualStudioSourceCodeAccess
LogPluginManager: Mounting plugin XCodeSourceCodeAccess
LogPluginManager: Mounting plugin AssetManagerEditor
LogPluginManager: Mounting plugin CryptoKeys
LogPluginManager: Mounting plugin DataValidation
LogPluginManager: Mounting plugin FacialAnimation
LogPluginManager: Mounting plugin GameplayTagsEditor
LogPluginManager: Mounting plugin MacGraphicsSwitching
LogPluginManager: Mounting plugin MaterialAnalyzer
LogPluginManager: Mounting plugin MobileLauncherProfileWizard
LogPluginManager: Mounting plugin PluginBrowser
LogPluginManager: Mounting plugin SpeedTreeImporter
LogPluginManager: Mounting plugin DatasmithContent
LogPluginManager: Mounting plugin VariantManagerContent
LogPluginManager: Mounting plugin AlembicImporter
LogPluginManager: Mounting plugin AppleImageUtils
LogPluginManager: Mounting plugin AppleVision
LogPluginManager: Mounting plugin BackChannel
LogPluginManager: Mounting plugin CharacterAI
LogPluginManager: Mounting plugin GeometryCache
LogPluginManager: Mounting plugin HTML5Networking
LogPluginManager: Mounting plugin ProxyLODPlugin
LogPluginManager: Mounting plugin SkeletalReduction
LogPluginManager: Mounting plugin MagicLeap
LogPluginManager: Mounting plugin MagicLeapMedia
LogPluginManager: Mounting plugin AndroidMedia
LogPluginManager: Mounting plugin AvfMedia
LogPluginManager: Mounting plugin ImgMedia
LogPluginManager: Mounting plugin LinearTimecode
LogPluginManager: Mounting plugin MediaCompositing
LogPluginManager: Mounting plugin MediaPlayerEditor
LogPluginManager: Mounting plugin WebMMedia
LogPluginManager: Mounting plugin WmfMedia
LogPluginManager: Mounting plugin TcpMessaging
LogPluginManager: Mounting plugin UdpMessaging
LogPluginManager: Mounting plugin ActorSequence
LogPluginManager: Mounting plugin LevelSequenceEditor
LogPluginManager: Mounting plugin MatineeToLevelSequence
LogPluginManager: Mounting plugin NetcodeUnitTest
LogPluginManager: Mounting plugin NUTUnrealEngine4
LogPluginManager: Mounting plugin OnlineSubsystemGooglePlay
LogPluginManager: Mounting plugin OnlineSubsystemIOS
LogPluginManager: Mounting plugin OnlineSubsystem
LogPluginManager: Mounting plugin OnlineSubsystemNull
LogPluginManager: Mounting plugin OnlineSubsystemUtils
LogPluginManager: Mounting plugin LauncherChunkInstaller
LogPluginManager: Mounting plugin AndroidDeviceProfileSelector
LogPluginManager: Mounting plugin AndroidMoviePlayer
LogPluginManager: Mounting plugin AndroidPermission
LogPluginManager: Mounting plugin AppleMoviePlayer
LogPluginManager: Mounting plugin ArchVisCharacter
LogPluginManager: Mounting plugin AudioCapture
LogPluginManager: Mounting plugin CableComponent
LogPluginManager: Mounting plugin CustomMeshComponent
LogPluginManager: Mounting plugin EditableMesh
LogPluginManager: Mounting plugin ExampleDeviceProfileSelector
LogPluginManager: Mounting plugin Firebase
LogPluginManager: Mounting plugin GoogleCloudMessaging
LogPluginManager: Mounting plugin IOSDeviceProfileSelector
LogPluginManager: Mounting plugin LinuxDeviceProfileSelector
LogPluginManager: Mounting plugin LocationServicesBPLibrary
LogPluginManager: Mounting plugin MobilePatchingUtils
LogPluginManager: Mounting plugin OculusVR
LogPluginManager: Mounting plugin PhysXVehicles
LogPluginManager: Mounting plugin ProceduralMeshComponent
LogPluginManager: Mounting plugin RuntimePhysXCooking
LogPluginManager: Mounting plugin SignificanceManager
LogPluginManager: Mounting plugin SteamVR
LogPluginManager: Mounting plugin WebMMoviePlayer
LogPluginManager: Mounting plugin WindowsMoviePlayer
LogInit: Using libcurl 7.55.1-DEV
LogInit:  - built for x86_64-pc-win32
LogInit:  - supports SSL with OpenSSL/1.1.1
LogInit:  - supports HTTP deflate (compression) using libz 1.2.8
LogInit:  - other features:
LogInit:      CURL_VERSION_SSL
LogInit:      CURL_VERSION_LIBZ
LogInit:      CURL_VERSION_IPV6
LogInit:      CURL_VERSION_ASYNCHDNS
LogInit:      CURL_VERSION_LARGEFILE
LogInit:      CURL_VERSION_IDN
LogInit:  CurlRequestOptions (configurable via config and command line):
LogInit:  - bVerifyPeer = true  - Libcurl will verify peer certificate
LogInit:  - bUseHttpProxy = false  - Libcurl will NOT use HTTP proxy
LogInit:  - bDontReuseConnections = false  - Libcurl will reuse connections
LogInit:  - MaxHostConnections = 16  - Libcurl will limit the number of connections to a host
LogInit:  - LocalHostAddr = Default
LogInit:  - BufferSize = 65536
LogInit: WinSock: version 1.1 (2.2), MaxSocks=32767, MaxUdp=65467
LogInit: Build: ++UE4+Release-4.22-CL-7053642
LogInit: Engine Version: 4.22.3-7053642+++UE4+Release-4.22
LogInit: Compatible Engine Version: 4.22.0-5660361+++UE4+Release-4.22
LogInit: Net CL: 5660361
LogInit: OS: Windows 10 (Release 1809) (), CPU: AMD FX(tm)-6300 Six-Core Processor             , GPU: NVIDIA GeForce GTX 1050 Ti
LogInit: Compiled (64-bit): Jun 18 2019 03:09:11
LogInit: Compiled with Visual C++: 19.16.27025.01
LogInit: Build Configuration: Development
LogInit: Branch Name: ++UE4+Release-4.22
LogInit: Command Line: 
LogInit: Base Directory: C:/Program Files/Epic Games/UE_4.22/Engine/Binaries/Win64/
LogInit: Installed Engine Build: 1
LogDevObjectVersion: Number of dev versions registered: 23
LogDevObjectVersion:   Dev-Blueprints (B0D832E4-1F89-4F0D-ACCF-7EB736FD4AA2): 10
LogDevObjectVersion:   Dev-Build (E1C64328-A22C-4D53-A36C-8E866417BD8C): 0
LogDevObjectVersion:   Dev-Core (375EC13C-06E4-48FB-B500-84F0262A717E): 3
LogDevObjectVersion:   Dev-Editor (E4B068ED-F494-42E9-A231-DA0B2E46BB41): 30
LogDevObjectVersion:   Dev-Framework (CFFC743F-43B0-4480-9391-14DF171D2073): 35
LogDevObjectVersion:   Dev-Mobile (B02B49B5-BB20-44E9-A304-32B752E40360): 2
LogDevObjectVersion:   Dev-Networking (A4E4105C-59A1-49B5-A7C5-40C4547EDFEE): 0
LogDevObjectVersion:   Dev-Online (39C831C9-5AE6-47DC-9A44-9C173E1C8E7C): 0
LogDevObjectVersion:   Dev-Physics (78F01B33-EBEA-4F98-B9B4-84EACCB95AA2): 0
LogDevObjectVersion:   Dev-Platform (6631380F-2D4D-43E0-8009-CF276956A95A): 0
LogDevObjectVersion:   Dev-Rendering (12F88B9F-8875-4AFC-A67C-D90C383ABD29): 28
LogDevObjectVersion:   Dev-Sequencer (7B5AE74C-D270-4C10-A958-57980B212A5A): 11
LogDevObjectVersion:   Dev-VR (D7296918-1DD6-4BDD-9DE2-64A83CC13884): 2
LogDevObjectVersion:   Dev-LoadTimes (C2A15278-BFE7-4AFE-6C17-90FF531DF755): 1
LogDevObjectVersion:   Private-Geometry (6EACA3D4-40EC-4CC1-B786-8BED09428FC5): 3
LogDevObjectVersion:   Dev-AnimPhys (29E575DD-E0A3-4627-9D10-D276232CDCEA): 17
LogDevObjectVersion:   Dev-Anim (AF43A65D-7FD3-4947-9873-3E8ED9C1BB05): 2
LogDevObjectVersion:   Dev-ReflectionCapture (6B266CEC-1EC7-4B8F-A30B-E4D90942FC07): 1
LogDevObjectVersion:   Dev-Automation (0DF73D61-A23F-47EA-B727-89E90C41499A): 1
LogDevObjectVersion:   FortniteMain (601D1886-AC64-4F84-AA16-D3DE0DEAC7D6): 25
LogDevObjectVersion:   Dev-Enterprise (9DFFBCD6-494F-0158-E221-12823C92A888): 6
LogDevObjectVersion:   Dev-Niagara (F2AED0AC-9AFE-416F-8664-AA7FFA26D6FC): 1
LogDevObjectVersion:   Dev-Destruction (174F1F0B-B4C6-45A5-B13F-2EE8D0FB917D): 2
LogInit: Presizing for max 16777216 objects, including 0 objects not considered by GC, pre-allocating 0 bytes for permanent pool.
LogInit: Object subsystem initialized
LogConfig: Setting CVar [[con.DebugEarlyDefault:1]]
LogConfig: Setting CVar [[r.setres:1280x720]]
[2019.09.22-14.55.23:797][  0]LogConfig: Setting CVar [[r.VSync:0]]
[2019.09.22-14.55.23:797][  0]LogConfig: Setting CVar [[r.RHICmdBypass:0]]
[2019.09.22-14.55.23:797][  0]LogConfig: Applying CVar settings from Section [/Script/Engine.RendererSettings] File [C:/Users/amsbu/OneDrive/Desktop/Game-480-Adhoc/MurphyStation/Saved/Config/Windows/Engine.ini]
[2019.09.22-14.55.23:797][  0]LogConfig: Setting CVar [[r.GPUCrashDebugging:0]]
[2019.09.22-14.55.23:797][  0]LogConfig: Applying CVar settings from Section [/Script/Engine.RendererOverrideSettings] File [C:/Users/amsbu/OneDrive/Desktop/Game-480-Adhoc/MurphyStation/Saved/Config/Windows/Engine.ini]
[2019.09.22-14.55.23:797][  0]LogConfig: Applying CVar settings from Section [/Script/Engine.StreamingSettings] File [C:/Users/amsbu/OneDrive/Desktop/Game-480-Adhoc/MurphyStation/Saved/Config/Windows/Engine.ini]
[2019.09.22-14.55.23:797][  0]LogConfig: Setting CVar [[s.MinBulkDataSizeForAsyncLoading:131072]]
[2019.09.22-14.55.23:797][  0]LogConfig: Setting CVar [[s.AsyncLoadingThreadEnabled:0]]
[2019.09.22-14.55.23:797][  0]LogConfig: Setting CVar [[s.EventDrivenLoaderEnabled:1]]
[2019.09.22-14.55.23:797][  0]LogConfig: Setting CVar [[s.WarnIfTimeLimitExceeded:0]]
[2019.09.22-14.55.23:798][  0]LogConfig: Setting CVar [[s.TimeLimitExceededMultiplier:1.5]]
[2019.09.22-14.55.23:798][  0]LogConfig: Setting CVar [[s.TimeLimitExceededMinTime:0.005]]
[2019.09.22-14.55.23:798][  0]LogConfig: Setting CVar [[s.UseBackgroundLevelStreaming:1]]
[2019.09.22-14.55.23:798][  0]LogConfig: Setting CVar [[s.PriorityAsyncLoadingExtraTime:15.0]]
[2019.09.22-14.55.23:798][  0]LogConfig: Setting CVar [[s.LevelStreamingActorsUpdateTimeLimit:5.0]]
[2019.09.22-14.55.23:798][  0]LogConfig: Setting CVar [[s.PriorityLevelStreamingActorsUpdateExtraTime:5.0]]
[2019.09.22-14.55.23:798][  0]LogConfig: Setting CVar [[s.LevelStreamingComponentsRegistrationGranularity:10]]
[2019.09.22-14.55.23:798][  0]LogConfig: Setting CVar [[s.UnregisterComponentsTimeLimit:1.0]]
[2019.09.22-14.55.23:798][  0]LogConfig: Setting CVar [[s.LevelStreamingComponentsUnregistrationGranularity:5]]
[2019.09.22-14.55.23:798][  0]LogConfig: Applying CVar settings from Section [/Script/Engine.GarbageCollectionSettings] File [C:/Users/amsbu/OneDrive/Desktop/Game-480-Adhoc/MurphyStation/Saved/Config/Windows/Engine.ini]
[2019.09.22-14.55.23:798][  0]LogConfig: Setting CVar [[gc.MaxObjectsNotConsideredByGC:1]]
[2019.09.22-14.55.23:798][  0]LogConfig: Setting CVar [[gc.SizeOfPermanentObjectPool:0]]
[2019.09.22-14.55.23:798][  0]LogConfig: Setting CVar [[gc.FlushStreamingOnGC:0]]
[2019.09.22-14.55.23:798][  0]LogConfig: Setting CVar [[gc.NumRetriesBeforeForcingGC:10]]
[2019.09.22-14.55.23:798][  0]LogConfig: Setting CVar [[gc.AllowParallelGC:1]]
[2019.09.22-14.55.23:798][  0]LogConfig: Setting CVar [[gc.TimeBetweenPurgingPendingKillObjects:61.1]]
[2019.09.22-14.55.23:798][  0]LogConfig: Setting CVar [[gc.MaxObjectsInEditor:16777216]]
[2019.09.22-14.55.23:798][  0]LogConfig: Setting CVar [[gc.IncrementalBeginDestroyEnabled:1]]
[2019.09.22-14.55.23:798][  0]LogConfig: Setting CVar [[gc.CreateGCClusters:1]]
[2019.09.22-14.55.23:798][  0]LogConfig: Setting CVar [[gc.MinGCClusterSize:5]]
[2019.09.22-14.55.23:798][  0]LogConfig: Setting CVar [[gc.ActorClusteringEnabled:0]]
[2019.09.22-14.55.23:798][  0]LogConfig: Setting CVar [[gc.BlueprintClusteringEnabled:0]]
[2019.09.22-14.55.23:798][  0]LogConfig: Setting CVar [[gc.UseDisregardForGCOnDedicatedServers:0]]
[2019.09.22-14.55.23:798][  0]LogConfig: Applying CVar settings from Section [/Script/Engine.NetworkSettings] File [C:/Users/amsbu/OneDrive/Desktop/Game-480-Adhoc/MurphyStation/Saved/Config/Windows/Engine.ini]
[2019.09.22-14.55.23:798][  0]LogConfig: Applying CVar settings from Section [/Script/UnrealEd.CookerSettings] File [C:/Users/amsbu/OneDrive/Desktop/Game-480-Adhoc/MurphyStation/Saved/Config/Windows/Engine.ini]
[2019.09.22-14.55.23:814][  0]LogConfig: Applying CVar settings from Section [ViewDistanceQuality@3] File [C:/Users/amsbu/OneDrive/Desktop/Game-480-Adhoc/MurphyStation/Saved/Config/Windows/Scalability.ini]
[2019.09.22-14.55.23:814][  0]LogConfig: Setting CVar [[r.SkeletalMeshLODBias:0]]
[2019.09.22-14.55.23:814][  0]LogConfig: Setting CVar [[r.ViewDistanceScale:1.0]]
[2019.09.22-14.55.23:814][  0]LogConfig: Applying CVar settings from Section [AntiAliasingQuality@3] File [C:/Users/amsbu/OneDrive/Desktop/Game-480-Adhoc/MurphyStation/Saved/Config/Windows/Scalability.ini]
[2019.09.22-14.55.23:814][  0]LogConfig: Setting CVar [[r.PostProcessAAQuality:4]]
[2019.09.22-14.55.23:814][  0]LogConfig: Applying CVar settings from Section [ShadowQuality@3] File [C:/Users/amsbu/OneDrive/Desktop/Game-480-Adhoc/MurphyStation/Saved/Config/Windows/Scalability.ini]
[2019.09.22-14.55.23:815][  0]LogConfig: Setting CVar [[r.LightFunctionQuality:1]]
[2019.09.22-14.55.23:815][  0]LogConfig: Setting CVar [[r.ShadowQuality:5]]
[2019.09.22-14.55.23:815][  0]LogConfig: Setting CVar [[r.Shadow.CSM.MaxCascades:10]]
[2019.09.22-14.55.23:815][  0]LogConfig: Setting CVar [[r.Shadow.MaxResolution:2048]]
[2019.09.22-14.55.23:815][  0]LogConfig: Setting CVar [[r.Shadow.MaxCSMResolution:2048]]
[2019.09.22-14.55.23:815][  0]LogConfig: Setting CVar [[r.Shadow.RadiusThreshold:0.01]]
[2019.09.22-14.55.23:815][  0]LogConfig: Setting CVar [[r.Shadow.DistanceScale:1.0]]
[2019.09.22-14.55.23:815][  0]LogConfig: Setting CVar [[r.Shadow.CSM.TransitionScale:1.0]]
[2019.09.22-14.55.23:815][  0]LogConfig: Setting CVar [[r.Shadow.PreShadowResolutionFactor:1.0]]
[2019.09.22-14.55.23:815][  0]LogConfig: Setting CVar [[r.DistanceFieldShadowing:1]]
[2019.09.22-14.55.23:815][  0]LogConfig: Setting CVar [[r.DistanceFieldAO:1]]
[2019.09.22-14.55.23:815][  0]LogConfig: Setting CVar [[r.AOQuality:2]]
[2019.09.22-14.55.23:815][  0]LogConfig: Setting CVar [[r.VolumetricFog:1]]
[2019.09.22-14.55.23:815][  0]LogConfig: Setting CVar [[r.VolumetricFog.GridPixelSize:8]]
[2019.09.22-14.55.23:815][  0]LogConfig: Setting CVar [[r.VolumetricFog.GridSizeZ:128]]
[2019.09.22-14.55.23:815][  0]LogConfig: Setting CVar [[r.VolumetricFog.HistoryMissSupersampleCount:4]]
[2019.09.22-14.55.23:815][  0]LogConfig: Setting CVar [[r.LightMaxDrawDistanceScale:1]]
[2019.09.22-14.55.23:815][  0]LogConfig: Setting CVar [[r.CapsuleShadows:1]]
[2019.09.22-14.55.23:815][  0]LogConfig: Applying CVar settings from Section [PostProcessQuality@3] File [C:/Users/amsbu/OneDrive/Desktop/Game-480-Adhoc/MurphyStation/Saved/Config/Windows/Scalability.ini]
[2019.09.22-14.55.23:815][  0]LogConfig: Setting CVar [[r.MotionBlurQuality:4]]
[2019.09.22-14.55.23:815][  0]LogConfig: Setting CVar [[r.AmbientOcclusionMipLevelFactor:0.4]]
[2019.09.22-14.55.23:815][  0]LogConfig: Setting CVar [[r.AmbientOcclusionMaxQuality:100]]
[2019.09.22-14.55.23:815][  0]LogConfig: Setting CVar [[r.AmbientOcclusionLevels:-1]]
[2019.09.22-14.55.23:815][  0]LogConfig: Setting CVar [[r.AmbientOcclusionRadiusScale:1.0]]
[2019.09.22-14.55.23:815][  0]LogConfig: Setting CVar [[r.DepthOfFieldQuality:2]]
[2019.09.22-14.55.23:815][  0]LogConfig: Setting CVar [[r.RenderTargetPoolMin:400]]
[2019.09.22-14.55.23:815][  0]LogConfig: Setting CVar [[r.LensFlareQuality:2]]
[2019.09.22-14.55.23:815][  0]LogConfig: Setting CVar [[r.SceneColorFringeQuality:1]]
[2019.09.22-14.55.23:815][  0]LogConfig: Setting CVar [[r.EyeAdaptationQuality:2]]
[2019.09.22-14.55.23:815][  0]LogConfig: Setting CVar [[r.BloomQuality:5]]
[2019.09.22-14.55.23:815][  0]LogConfig: Setting CVar [[r.FastBlurThreshold:100]]
[2019.09.22-14.55.23:815][  0]LogConfig: Setting CVar [[r.Upscale.Quality:3]]
[2019.09.22-14.55.23:815][  0]LogConfig: Setting CVar [[r.Tonemapper.GrainQuantization:1]]
[2019.09.22-14.55.23:815][  0]LogConfig: Setting CVar [[r.LightShaftQuality:1]]
[2019.09.22-14.55.23:815][  0]LogConfig: Setting CVar [[r.Filter.SizeScale:1]]
[2019.09.22-14.55.23:815][  0]LogConfig: Setting CVar [[r.Tonemapper.Quality:5]]
[2019.09.22-14.55.23:815][  0]LogConfig: Setting CVar [[r.DOF.Gather.AccumulatorQuality:1        ; higher gathering accumulator quality]]
[2019.09.22-14.55.23:815][  0]LogConfig: Setting CVar [[r.DOF.Gather.PostfilterMethod:1          ; Median3x3 postfilering method]]
[2019.09.22-14.55.23:815][  0]LogConfig: Setting CVar [[r.DOF.Gather.EnableBokehSettings:0       ; no bokeh simulation when gathering]]
[2019.09.22-14.55.23:815][  0]LogConfig: Setting CVar [[r.DOF.Gather.RingCount:4                 ; medium number of samples when gathering]]
[2019.09.22-14.55.23:815][  0]LogConfig: Setting CVar [[r.DOF.Scatter.ForegroundCompositing:1    ; additive foreground scattering]]
[2019.09.22-14.55.23:815][  0]LogConfig: Setting CVar [[r.DOF.Scatter.BackgroundCompositing:2    ; additive background scattering]]
[2019.09.22-14.55.23:815][  0]LogConfig: Setting CVar [[r.DOF.Scatter.EnableBokehSettings:1      ; bokeh simulation when scattering]]
[2019.09.22-14.55.23:815][  0]LogConfig: Setting CVar [[r.DOF.Scatter.MaxSpriteRatio:0.1         ; only a maximum of 10% of scattered bokeh]]
[2019.09.22-14.55.23:815][  0]LogConfig: Setting CVar [[r.DOF.Recombine.Quality:1                ; cheap slight out of focus]]
[2019.09.22-14.55.23:815][  0]LogConfig: Setting CVar [[r.DOF.Recombine.EnableBokehSettings:0    ; no bokeh simulation on slight out of focus]]
[2019.09.22-14.55.23:815][  0]LogConfig: Setting CVar [[r.DOF.TemporalAAQuality:1                ; more stable temporal accumulation]]
[2019.09.22-14.55.23:815][  0]LogConfig: Setting CVar [[r.DOF.Kernel.MaxForegroundRadius:0.025]]
[2019.09.22-14.55.23:815][  0]LogConfig: Setting CVar [[r.DOF.Kernel.MaxBackgroundRadius:0.025]]
[2019.09.22-14.55.23:815][  0]LogConfig: Applying CVar settings from Section [TextureQuality@3] File [C:/Users/amsbu/OneDrive/Desktop/Game-480-Adhoc/MurphyStation/Saved/Config/Windows/Scalability.ini]
[2019.09.22-14.55.23:815][  0]LogConfig: Setting CVar [[r.Streaming.MipBias:0]]
[2019.09.22-14.55.23:815][  0]LogConfig: Setting CVar [[r.Streaming.AmortizeCPUToGPUCopy:0]]
[2019.09.22-14.55.23:816][  0]LogConfig: Setting CVar [[r.Streaming.MaxNumTexturesToStreamPerFrame:0]]
[2019.09.22-14.55.23:816][  0]LogConfig: Setting CVar [[r.Streaming.Boost:1]]
[2019.09.22-14.55.23:816][  0]LogConfig: Setting CVar [[r.MaxAnisotropy:8]]
[2019.09.22-14.55.23:816][  0]LogConfig: Setting CVar [[r.Streaming.LimitPoolSizeToVRAM:0]]
[2019.09.22-14.55.23:816][  0]LogConfig: Setting CVar [[r.Streaming.PoolSize:1000]]
[2019.09.22-14.55.23:816][  0]LogConfig: Setting CVar [[r.Streaming.MaxEffectiveScreenSize:0]]
[2019.09.22-14.55.23:816][  0]LogConfig: Applying CVar settings from Section [EffectsQuality@3] File [C:/Users/amsbu/OneDrive/Desktop/Game-480-Adhoc/MurphyStation/Saved/Config/Windows/Scalability.ini]
[2019.09.22-14.55.23:816][  0]LogConfig: Setting CVar [[r.TranslucencyLightingVolumeDim:64]]
[2019.09.22-14.55.23:816][  0]LogConfig: Setting CVar [[r.RefractionQuality:2]]
[2019.09.22-14.55.23:816][  0]LogConfig: Setting CVar [[r.SSR.Quality:3]]
[2019.09.22-14.55.23:816][  0]LogConfig: Setting CVar [[r.SceneColorFormat:4]]
[2019.09.22-14.55.23:816][  0]LogConfig: Setting CVar [[r.DetailMode:2]]
[2019.09.22-14.55.23:816][  0]LogConfig: Setting CVar [[r.TranslucencyVolumeBlur:1]]
[2019.09.22-14.55.23:816][  0]LogConfig: Setting CVar [[r.MaterialQualityLevel:1 ; High quality]]
[2019.09.22-14.55.23:816][  0]LogConfig: Setting CVar [[r.SSS.Scale:1]]
[2019.09.22-14.55.23:816][  0]LogConfig: Setting CVar [[r.SSS.SampleSet:2]]
[2019.09.22-14.55.23:816][  0]LogConfig: Setting CVar [[r.SSS.Quality:1]]
[2019.09.22-14.55.23:816][  0]LogConfig: Setting CVar [[r.SSS.HalfRes:1]]
[2019.09.22-14.55.23:816][  0]LogConfig: Setting CVar [[r.EmitterSpawnRateScale:1.0]]
[2019.09.22-14.55.23:816][  0]LogConfig: Setting CVar [[r.ParticleLightQuality:2]]
[2019.09.22-14.55.23:816][  0]LogConfig: Applying CVar settings from Section [FoliageQuality@3] File [C:/Users/amsbu/OneDrive/Desktop/Game-480-Adhoc/MurphyStation/Saved/Config/Windows/Scalability.ini]
[2019.09.22-14.55.23:816][  0]LogConfig: Setting CVar [[foliage.DensityScale:1.0]]
[2019.09.22-14.55.23:816][  0]LogConfig: Setting CVar [[grass.DensityScale:1.0]]
[2019.09.22-14.55.23:819][  0]LogInit: Selected Device Profile: [Windows]
[2019.09.22-14.55.23:819][  0]LogInit: Applying CVar settings loaded from the selected device profile: [Windows]
[2019.09.22-14.55.23:878][  0]LogHAL: Display: Platform has ~ 8 GB [8546435072 / 8589934592 / 8], which maps to Default [LargestMinGB=32, LargerMinGB=12, DefaultMinGB=8, SmallerMinGB=6, SmallestMinGB=0)
[2019.09.22-14.55.23:878][  0]LogConfig: Setting CVar [[r.Vulkan.UseRealUBs:0		; Required until we fix HLR fall-out]]
[2019.09.22-14.55.23:878][  0]LogInit: Going up to parent DeviceProfile []
[2019.09.22-14.55.23:878][  0]LogConfig: Applying CVar settings from Section [ViewDistanceQuality@3] File [C:/Users/amsbu/OneDrive/Desktop/Game-480-Adhoc/MurphyStation/Saved/Config/Windows/Scalability.ini]
[2019.09.22-14.55.23:878][  0]LogConfig: Setting CVar [[r.SkeletalMeshLODBias:0]]
[2019.09.22-14.55.23:878][  0]LogConfig: Setting CVar [[r.ViewDistanceScale:1.0]]
[2019.09.22-14.55.23:878][  0]LogConfig: Applying CVar settings from Section [AntiAliasingQuality@3] File [C:/Users/amsbu/OneDrive/Desktop/Game-480-Adhoc/MurphyStation/Saved/Config/Windows/Scalability.ini]
[2019.09.22-14.55.23:878][  0]LogConfig: Setting CVar [[r.PostProcessAAQuality:4]]
[2019.09.22-14.55.23:878][  0]LogConfig: Applying CVar settings from Section [ShadowQuality@3] File [C:/Users/amsbu/OneDrive/Desktop/Game-480-Adhoc/MurphyStation/Saved/Config/Windows/Scalability.ini]
[2019.09.22-14.55.23:878][  0]LogConfig: Setting CVar [[r.LightFunctionQuality:1]]
[2019.09.22-14.55.23:878][  0]LogConfig: Setting CVar [[r.ShadowQuality:5]]
[2019.09.22-14.55.23:878][  0]LogConfig: Setting CVar [[r.Shadow.CSM.MaxCascades:10]]
[2019.09.22-14.55.23:878][  0]LogConfig: Setting CVar [[r.Shadow.MaxResolution:2048]]
[2019.09.22-14.55.23:878][  0]LogConfig: Setting CVar [[r.Shadow.MaxCSMResolution:2048]]
[2019.09.22-14.55.23:878][  0]LogConfig: Setting CVar [[r.Shadow.RadiusThreshold:0.01]]
[2019.09.22-14.55.23:878][  0]LogConfig: Setting CVar [[r.Shadow.DistanceScale:1.0]]
[2019.09.22-14.55.23:878][  0]LogConfig: Setting CVar [[r.Shadow.CSM.TransitionScale:1.0]]
[2019.09.22-14.55.23:878][  0]LogConfig: Setting CVar [[r.Shadow.PreShadowResolutionFactor:1.0]]
[2019.09.22-14.55.23:878][  0]LogConfig: Setting CVar [[r.DistanceFieldShadowing:1]]
[2019.09.22-14.55.23:879][  0]LogConfig: Setting CVar [[r.DistanceFieldAO:1]]
[2019.09.22-14.55.23:879][  0]LogConfig: Setting CVar [[r.AOQuality:2]]
[2019.09.22-14.55.23:879][  0]LogConfig: Setting CVar [[r.VolumetricFog:1]]
[2019.09.22-14.55.23:879][  0]LogConfig: Setting CVar [[r.VolumetricFog.GridPixelSize:8]]
[2019.09.22-14.55.23:879][  0]LogConfig: Setting CVar [[r.VolumetricFog.GridSizeZ:128]]
[2019.09.22-14.55.23:879][  0]LogConfig: Setting CVar [[r.VolumetricFog.HistoryMissSupersampleCount:4]]
[2019.09.22-14.55.23:879][  0]LogConfig: Setting CVar [[r.LightMaxDrawDistanceScale:1]]
[2019.09.22-14.55.23:879][  0]LogConfig: Setting CVar [[r.CapsuleShadows:1]]
[2019.09.22-14.55.23:879][  0]LogConfig: Applying CVar settings from Section [PostProcessQuality@3] File [C:/Users/amsbu/OneDrive/Desktop/Game-480-Adhoc/MurphyStation/Saved/Config/Windows/Scalability.ini]
[2019.09.22-14.55.23:879][  0]LogConfig: Setting CVar [[r.MotionBlurQuality:4]]
[2019.09.22-14.55.23:879][  0]LogConfig: Setting CVar [[r.AmbientOcclusionMipLevelFactor:0.4]]
[2019.09.22-14.55.23:879][  0]LogConfig: Setting CVar [[r.AmbientOcclusionMaxQuality:100]]
[2019.09.22-14.55.23:879][  0]LogConfig: Setting CVar [[r.AmbientOcclusionLevels:-1]]
[2019.09.22-14.55.23:879][  0]LogConfig: Setting CVar [[r.AmbientOcclusionRadiusScale:1.0]]
[2019.09.22-14.55.23:879][  0]LogConfig: Setting CVar [[r.DepthOfFieldQuality:2]]
[2019.09.22-14.55.23:879][  0]LogConfig: Setting CVar [[r.RenderTargetPoolMin:400]]
[2019.09.22-14.55.23:879][  0]LogConfig: Setting CVar [[r.LensFlareQuality:2]]
[2019.09.22-14.55.23:879][  0]LogConfig: Setting CVar [[r.SceneColorFringeQuality:1]]
[2019.09.22-14.55.23:879][  0]LogConfig: Setting CVar [[r.EyeAdaptationQuality:2]]
[2019.09.22-14.55.23:879][  0]LogConfig: Setting CVar [[r.BloomQuality:5]]
[2019.09.22-14.55.23:879][  0]LogConfig: Setting CVar [[r.FastBlurThreshold:100]]
[2019.09.22-14.55.23:879][  0]LogConfig: Setting CVar [[r.Upscale.Quality:3]]
[2019.09.22-14.55.23:879][  0]LogConfig: Setting CVar [[r.Tonemapper.GrainQuantization:1]]
[2019.09.22-14.55.23:879][  0]LogConfig: Setting CVar [[r.LightShaftQuality:1]]
[2019.09.22-14.55.23:879][  0]LogConfig: Setting CVar [[r.Filter.SizeScale:1]]
[2019.09.22-14.55.23:879][  0]LogConfig: Setting CVar [[r.Tonemapper.Quality:5]]
[2019.09.22-14.55.23:879][  0]LogConfig: Setting CVar [[r.DOF.Gather.AccumulatorQuality:1        ; higher gathering accumulator quality]]
[2019.09.22-14.55.23:879][  0]LogConfig: Setting CVar [[r.DOF.Gather.PostfilterMethod:1          ; Median3x3 postfilering method]]
[2019.09.22-14.55.23:879][  0]LogConfig: Setting CVar [[r.DOF.Gather.EnableBokehSettings:0       ; no bokeh simulation when gathering]]
[2019.09.22-14.55.23:879][  0]LogConfig: Setting CVar [[r.DOF.Gather.RingCount:4                 ; medium number of samples when gathering]]
[2019.09.22-14.55.23:879][  0]LogConfig: Setting CVar [[r.DOF.Scatter.ForegroundCompositing:1    ; additive foreground scattering]]
[2019.09.22-14.55.23:879][  0]LogConfig: Setting CVar [[r.DOF.Scatter.BackgroundCompositing:2    ; additive background scattering]]
[2019.09.22-14.55.23:879][  0]LogConfig: Setting CVar [[r.DOF.Scatter.EnableBokehSettings:1      ; bokeh simulation when scattering]]
[2019.09.22-14.55.23:879][  0]LogConfig: Setting CVar [[r.DOF.Scatter.MaxSpriteRatio:0.1         ; only a maximum of 10% of scattered bokeh]]
[2019.09.22-14.55.23:879][  0]LogConfig: Setting CVar [[r.DOF.Recombine.Quality:1                ; cheap slight out of focus]]
[2019.09.22-14.55.23:879][  0]LogConfig: Setting CVar [[r.DOF.Recombine.EnableBokehSettings:0    ; no bokeh simulation on slight out of focus]]
[2019.09.22-14.55.23:879][  0]LogConfig: Setting CVar [[r.DOF.TemporalAAQuality:1                ; more stable temporal accumulation]]
[2019.09.22-14.55.23:879][  0]LogConfig: Setting CVar [[r.DOF.Kernel.MaxForegroundRadius:0.025]]
[2019.09.22-14.55.23:879][  0]LogConfig: Setting CVar [[r.DOF.Kernel.MaxBackgroundRadius:0.025]]
[2019.09.22-14.55.23:879][  0]LogConfig: Applying CVar settings from Section [TextureQuality@3] File [C:/Users/amsbu/OneDrive/Desktop/Game-480-Adhoc/MurphyStation/Saved/Config/Windows/Scalability.ini]
[2019.09.22-14.55.23:879][  0]LogConfig: Setting CVar [[r.Streaming.MipBias:0]]
[2019.09.22-14.55.23:879][  0]LogConfig: Setting CVar [[r.Streaming.AmortizeCPUToGPUCopy:0]]
[2019.09.22-14.55.23:879][  0]LogConfig: Setting CVar [[r.Streaming.MaxNumTexturesToStreamPerFrame:0]]
[2019.09.22-14.55.23:879][  0]LogConfig: Setting CVar [[r.Streaming.Boost:1]]
[2019.09.22-14.55.23:879][  0]LogConfig: Setting CVar [[r.MaxAnisotropy:8]]
[2019.09.22-14.55.23:879][  0]LogConfig: Setting CVar [[r.Streaming.LimitPoolSizeToVRAM:0]]
[2019.09.22-14.55.23:879][  0]LogConfig: Setting CVar [[r.Streaming.PoolSize:1000]]
[2019.09.22-14.55.23:879][  0]LogConfig: Setting CVar [[r.Streaming.MaxEffectiveScreenSize:0]]
[2019.09.22-14.55.23:879][  0]LogConfig: Applying CVar settings from Section [EffectsQuality@3] File [C:/Users/amsbu/OneDrive/Desktop/Game-480-Adhoc/MurphyStation/Saved/Config/Windows/Scalability.ini]
[2019.09.22-14.55.23:879][  0]LogConfig: Setting CVar [[r.TranslucencyLightingVolumeDim:64]]
[2019.09.22-14.55.23:880][  0]LogConfig: Setting CVar [[r.RefractionQuality:2]]
[2019.09.22-14.55.23:880][  0]LogConfig: Setting CVar [[r.SSR.Quality:3]]
[2019.09.22-14.55.23:880][  0]LogConfig: Setting CVar [[r.SceneColorFormat:4]]
[2019.09.22-14.55.23:880][  0]LogConfig: Setting CVar [[r.DetailMode:2]]
[2019.09.22-14.55.23:880][  0]LogConfig: Setting CVar [[r.TranslucencyVolumeBlur:1]]
[2019.09.22-14.55.23:880][  0]LogConfig: Setting CVar [[r.MaterialQualityLevel:1 ; High quality]]
[2019.09.22-14.55.23:880][  0]LogConfig: Setting CVar [[r.SSS.Scale:1]]
[2019.09.22-14.55.23:880][  0]LogConfig: Setting CVar [[r.SSS.SampleSet:2]]
[2019.09.22-14.55.23:880][  0]LogConfig: Setting CVar [[r.SSS.Quality:1]]
[2019.09.22-14.55.23:880][  0]LogConfig: Setting CVar [[r.SSS.HalfRes:1]]
[2019.09.22-14.55.23:880][  0]LogConfig: Setting CVar [[r.EmitterSpawnRateScale:1.0]]
[2019.09.22-14.55.23:880][  0]LogConfig: Setting CVar [[r.ParticleLightQuality:2]]
[2019.09.22-14.55.23:880][  0]LogConfig: Applying CVar settings from Section [FoliageQuality@3] File [C:/Users/amsbu/OneDrive/Desktop/Game-480-Adhoc/MurphyStation/Saved/Config/Windows/Scalability.ini]
[2019.09.22-14.55.23:880][  0]LogConfig: Setting CVar [[foliage.DensityScale:1.0]]
[2019.09.22-14.55.23:880][  0]LogConfig: Setting CVar [[grass.DensityScale:1.0]]
[2019.09.22-14.55.23:880][  0]LogConfig: Applying CVar settings from Section [Startup] File [../../../Engine/Config/ConsoleVariables.ini]
[2019.09.22-14.55.23:896][  0]LogConfig: Setting CVar [[net.UseAdaptiveNetUpdateFrequency:0]]
[2019.09.22-14.55.23:896][  0]LogConfig: Setting CVar [[p.chaos.AllowCreatePhysxBodies:1]]
[2019.09.22-14.55.23:896][  0]LogConfig: Applying CVar settings from Section [ConsoleVariables] File [C:/Users/amsbu/OneDrive/Desktop/Game-480-Adhoc/MurphyStation/Saved/Config/Windows/Engine.ini]
[2019.09.22-14.55.23:955][  0]LogInit: Computer: DESKTOP-U917RR3
[2019.09.22-14.55.23:955][  0]LogInit: User: amsbu
[2019.09.22-14.55.23:955][  0]LogInit: CPU Page size=4096, Cores=3
[2019.09.22-14.55.23:955][  0]LogInit: High frequency timer resolution =10.000000 MHz
[2019.09.22-14.55.23:956][  0]LogMemory: Memory total: Physical=8.0GB (8GB approx)
[2019.09.22-14.55.23:956][  0]LogMemory: Platform Memory Stats for Windows
[2019.09.22-14.55.23:956][  0]LogMemory: Process Physical Memory: 97.81 MB used, 97.81 MB peak
[2019.09.22-14.55.23:956][  0]LogMemory: Process Virtual Memory: 90.65 MB used, 90.65 MB peak
[2019.09.22-14.55.23:956][  0]LogMemory: Physical Memory: 4794.99 MB used,  3355.53 MB free, 8150.52 MB total
[2019.09.22-14.55.23:956][  0]LogMemory: Virtual Memory: 4650.20 MB used,  134213080.00 MB free, 134217728.00 MB total
[2019.09.22-14.55.24:520][  0]LogInit: Using OS detected language (en-US).
[2019.09.22-14.55.24:520][  0]LogInit: Using OS detected locale (en-US).
[2019.09.22-14.55.24:540][  0]LogTextLocalizationManager: No specific localization for 'en-US' exists, so the 'en' localization will be used.
[2019.09.22-14.55.25:273][  0]LogInit: Setting process to per monitor DPI aware
[2019.09.22-14.55.25:849][  0]LogSlate: New Slate User Created.  User Index 0, Is Virtual User: 0
[2019.09.22-14.55.25:849][  0]LogSlate: Slate User Registered.  User Index 0, Is Virtual User: 0
[2019.09.22-14.55.30:340][  0]LogHMD: Failed to initialize OpenVR with code 110
[2019.09.22-14.55.30:340][  0]LogD3D11RHI: D3D11 adapters:
[2019.09.22-14.55.30:438][  0]LogD3D11RHI:    0. 'NVIDIA GeForce GTX 1050 Ti' (Feature Level 11_0)
[2019.09.22-14.55.30:438][  0]LogD3D11RHI:       4018/0/4075 MB DedicatedVideo/DedicatedSystem/SharedSystem, Outputs:1, VendorId:0x10de
[2019.09.22-14.55.30:441][  0]LogD3D11RHI:    1. 'Microsoft Basic Render Driver' (Feature Level 11_0)
[2019.09.22-14.55.30:441][  0]LogD3D11RHI:       0/0/4075 MB DedicatedVideo/DedicatedSystem/SharedSystem, Outputs:0, VendorId:0x1414
[2019.09.22-14.55.30:441][  0]LogD3D11RHI: Chosen D3D11 Adapter: 0
[2019.09.22-14.55.30:454][  0]LogD3D11RHI: Creating new Direct3DDevice
[2019.09.22-14.55.30:454][  0]LogD3D11RHI:     GPU DeviceId: 0x1c82 (for the marketing name, search the web for "GPU Device Id")
[2019.09.22-14.55.30:465][  0]LogWindows: EnumDisplayDevices:
[2019.09.22-14.55.30:465][  0]LogWindows:    0. 'NVIDIA GeForce GTX 1050 Ti' (P:1 D:1)
[2019.09.22-14.55.30:466][  0]LogWindows:    1. 'NVIDIA GeForce GTX 1050 Ti' (P:0 D:0)
[2019.09.22-14.55.30:466][  0]LogWindows:    2. 'NVIDIA GeForce GTX 1050 Ti' (P:0 D:0)
[2019.09.22-14.55.30:466][  0]LogWindows:    3. 'NVIDIA GeForce GTX 1050 Ti' (P:0 D:0)
[2019.09.22-14.55.30:467][  0]LogWindows: DebugString: FoundDriverCount:4 
[2019.09.22-14.55.30:467][  0]LogD3D11RHI:     Adapter Name: NVIDIA GeForce GTX 1050 Ti
[2019.09.22-14.55.30:467][  0]LogD3D11RHI:   Driver Version: 430.86 (internal:26.21.14.3086, unified:430.86)
[2019.09.22-14.55.30:467][  0]LogD3D11RHI:      Driver Date: 5-22-2019
[2019.09.22-14.55.30:467][  0]LogRHI: Texture pool is 2812 MB (70% of 4018 MB)
[2019.09.22-14.55.30:545][  0]LogD3D11RHI: Async texture creation enabled
[2019.09.22-14.55.30:774][  0]LogRendererCore: FGlobalReadBuffer::InitRHI
[2019.09.22-14.55.30:780][  0]LogRendererCore: FGlobalReadBuffer::InitRHI
[2019.09.22-14.55.30:780][  0]LogRendererCore: FGlobalReadBuffer::InitRHI
[2019.09.22-14.55.30:808][  0]LogD3D11RHI: GPU Timing Frequency: 1000.000000 (Debug: 2 1)
[2019.09.22-14.55.32:109][  0]LogTemp: Display: Module 'AllDesktopTargetPlatform' loaded TargetPlatform 'AllDesktop'
[2019.09.22-14.55.32:146][  0]LogTemp: Display: Module 'MacClientTargetPlatform' loaded TargetPlatform 'MacClient'
[2019.09.22-14.55.32:172][  0]LogTemp: Display: Module 'MacNoEditorTargetPlatform' loaded TargetPlatform 'MacNoEditor'
[2019.09.22-14.55.32:203][  0]LogTemp: Display: Module 'MacServerTargetPlatform' loaded TargetPlatform 'MacServer'
[2019.09.22-14.55.32:253][  0]LogTemp: Display: Module 'MacTargetPlatform' loaded TargetPlatform 'Mac'
[2019.09.22-14.55.32:341][  0]LogTemp: Display: Module 'WindowsClientTargetPlatform' loaded TargetPlatform 'WindowsClient'
[2019.09.22-14.55.32:381][  0]LogTemp: Display: Module 'WindowsNoEditorTargetPlatform' loaded TargetPlatform 'WindowsNoEditor'
[2019.09.22-14.55.32:407][  0]LogTemp: Display: Module 'WindowsServerTargetPlatform' loaded TargetPlatform 'WindowsServer'
[2019.09.22-14.55.32:424][  0]LogTemp: Display: Module 'WindowsTargetPlatform' loaded TargetPlatform 'Windows'
[2019.09.22-14.55.32:635][  0]LogTemp: Display: Module 'AndroidTargetPlatform' loaded TargetPlatform 'Android'
[2019.09.22-14.55.32:635][  0]LogTemp: Display: Module 'AndroidTargetPlatform' loaded TargetPlatform 'Android_ASTC'
[2019.09.22-14.55.32:635][  0]LogTemp: Display: Module 'AndroidTargetPlatform' loaded TargetPlatform 'Android_ATC'
[2019.09.22-14.55.32:635][  0]LogTemp: Display: Module 'AndroidTargetPlatform' loaded TargetPlatform 'Android_DXT'
[2019.09.22-14.55.32:635][  0]LogTemp: Display: Module 'AndroidTargetPlatform' loaded TargetPlatform 'Android_ETC1'
[2019.09.22-14.55.32:635][  0]LogTemp: Display: Module 'AndroidTargetPlatform' loaded TargetPlatform 'Android_ETC1a'
[2019.09.22-14.55.32:635][  0]LogTemp: Display: Module 'AndroidTargetPlatform' loaded TargetPlatform 'Android_ETC2'
[2019.09.22-14.55.32:635][  0]LogTemp: Display: Module 'AndroidTargetPlatform' loaded TargetPlatform 'Android_PVRTC'
[2019.09.22-14.55.32:635][  0]LogTemp: Display: Module 'AndroidTargetPlatform' loaded TargetPlatform 'AndroidClient'
[2019.09.22-14.55.32:635][  0]LogTemp: Display: Module 'AndroidTargetPlatform' loaded TargetPlatform 'Android_ASTCClient'
[2019.09.22-14.55.32:635][  0]LogTemp: Display: Module 'AndroidTargetPlatform' loaded TargetPlatform 'Android_ATCClient'
[2019.09.22-14.55.32:635][  0]LogTemp: Display: Module 'AndroidTargetPlatform' loaded TargetPlatform 'Android_DXTClient'
[2019.09.22-14.55.32:635][  0]LogTemp: Display: Module 'AndroidTargetPlatform' loaded TargetPlatform 'Android_ETC1Client'
[2019.09.22-14.55.32:635][  0]LogTemp: Display: Module 'AndroidTargetPlatform' loaded TargetPlatform 'Android_ETC1aClient'
[2019.09.22-14.55.32:635][  0]LogTemp: Display: Module 'AndroidTargetPlatform' loaded TargetPlatform 'Android_ETC2Client'
[2019.09.22-14.55.32:635][  0]LogTemp: Display: Module 'AndroidTargetPlatform' loaded TargetPlatform 'Android_PVRTCClient'
[2019.09.22-14.55.32:635][  0]LogTemp: Display: Module 'AndroidTargetPlatform' loaded TargetPlatform 'Android_Multi'
[2019.09.22-14.55.32:635][  0]LogTemp: Display: Module 'AndroidTargetPlatform' loaded TargetPlatform 'Android_MultiClient'
[2019.09.22-14.55.32:656][  0]LogTemp: Display: Module 'HTML5TargetPlatform' loaded TargetPlatform 'HTML5'
[2019.09.22-14.55.32:817][  0]LogTemp: Display: Module 'IOSTargetPlatform' loaded TargetPlatform 'IOSClient'
[2019.09.22-14.55.32:817][  0]LogTemp: Display: Module 'IOSTargetPlatform' loaded TargetPlatform 'IOS'
[2019.09.22-14.55.32:869][  0]LogTemp: Display: Module 'TVOSTargetPlatform' loaded TargetPlatform 'TVOSClient'
[2019.09.22-14.55.32:869][  0]LogTemp: Display: Module 'TVOSTargetPlatform' loaded TargetPlatform 'TVOS'
[2019.09.22-14.55.32:906][  0]LogTemp: Display: Module 'LinuxClientTargetPlatform' loaded TargetPlatform 'LinuxClient'
[2019.09.22-14.55.32:938][  0]LogTemp: Display: Module 'LinuxNoEditorTargetPlatform' loaded TargetPlatform 'LinuxNoEditor'
[2019.09.22-14.55.32:961][  0]LogTemp: Display: Module 'LinuxServerTargetPlatform' loaded TargetPlatform 'LinuxServer'
[2019.09.22-14.55.33:004][  0]LogTemp: Display: Module 'LinuxTargetPlatform' loaded TargetPlatform 'Linux'
[2019.09.22-14.55.33:121][  0]LogTemp: Display: Module 'LuminTargetPlatform' loaded TargetPlatform 'Lumin'
[2019.09.22-14.55.33:121][  0]LogTemp: Display: Module 'LuminTargetPlatform' loaded TargetPlatform 'LuminClient'
[2019.09.22-14.55.33:121][  0]LogTargetPlatformManager: Display: Building Assets For Windows
[2019.09.22-14.55.33:243][  0]LogAudioDebug: Display: Lib vorbis DLL was dynamically loaded.
[2019.09.22-14.55.33:702][  0]LogShaderCompilers: Guid format shader working directory is -29 characters bigger than the processId version (../../../../../../Users/amsbu/OneDrive/Desktop/Game-480-Adhoc/MurphyStation/Intermediate/Shaders/WorkingDirectory/4632/).
[2019.09.22-14.55.33:702][  0]LogShaderCompilers: Cleaned the shader compiler working directory 'C:/Users/amsbu/AppData/Local/Temp/UnrealShaderWorkingDir/F833F67D4DE0B5FDB99FF1ACBD6A54A0/'.
[2019.09.22-14.55.33:725][  0]LogXGEController: Cleaning working directory: C:/Users/amsbu/AppData/Local/Temp/UnrealXGEWorkingDir/
[2019.09.22-14.55.33:726][  0]LogXGEController: Cannot use XGE Controller as Incredibuild is not installed on this machine.
[2019.09.22-14.55.33:726][  0]LogShaderCompilers: Cannot use XGE Shader Compiler as Incredibuild is not installed on this machine.
[2019.09.22-14.55.33:726][  0]LogShaderCompilers: Display: Using Local Shader Compiler.
[2019.09.22-14.55.38:640][  0]LogDerivedDataCache: Display: Max Cache Size: 512 MB
[2019.09.22-14.55.39:365][  0]LogDerivedDataCache: Loaded boot cache 0.73s 73MB C:/Users/amsbu/AppData/Local/UnrealEngine/4.22/DerivedDataCache/Boot.ddc.
[2019.09.22-14.55.39:365][  0]LogDerivedDataCache: Display: Loaded Boot cache: C:/Users/amsbu/AppData/Local/UnrealEngine/4.22/DerivedDataCache/Boot.ddc
[2019.09.22-14.55.39:366][  0]LogDerivedDataCache: FDerivedDataBackendGraph:  Pak pak cache file ../../../../../../Users/amsbu/OneDrive/Desktop/Game-480-Adhoc/MurphyStation/DerivedDataCache/DDC.ddp not found, will not use a pak cache.
[2019.09.22-14.55.39:366][  0]LogDerivedDataCache: Unable to find inner node Pak for hierarchical cache Hierarchy.
[2019.09.22-14.55.39:366][  0]LogDerivedDataCache: FDerivedDataBackendGraph:  CompressedPak pak cache file ../../../../../../Users/amsbu/OneDrive/Desktop/Game-480-Adhoc/MurphyStation/DerivedDataCache/Compressed.ddp not found, will not use a pak cache.
[2019.09.22-14.55.39:366][  0]LogDerivedDataCache: Unable to find inner node CompressedPak for hierarchical cache Hierarchy.
[2019.09.22-14.55.39:428][  0]LogDerivedDataCache: Display: Pak cache opened for reading ../../../Engine/DerivedDataCache/Compressed.ddp.
[2019.09.22-14.55.39:428][  0]LogDerivedDataCache: FDerivedDataBackendGraph:  EnterprisePak pak cache file ../../../Enterprise/DerivedDataCache/Compressed.ddp not found, will not use a pak cache.
[2019.09.22-14.55.39:428][  0]LogDerivedDataCache: Unable to find inner node EnterprisePak for hierarchical cache Hierarchy.
[2019.09.22-14.55.39:441][  0]LogDerivedDataCache: Using Local data cache path C:/Users/amsbu/AppData/Local/UnrealEngine/Common/DerivedDataCache: Writable
[2019.09.22-14.55.39:441][  0]LogDerivedDataCache: Shared data cache path not found in *engine.ini, will not use an Shared cache.
[2019.09.22-14.55.39:441][  0]LogDerivedDataCache: Unable to find inner node Shared for hierarchical cache Hierarchy.
[2019.09.22-14.55.39:476][  0]LogMaterial: Verifying Global Shaders for PCD3D_SM5
[2019.09.22-14.55.39:517][  0]LogSlate: Using FreeType 2.6.0
[2019.09.22-14.55.39:610][  0]LogSlate: SlateFontServices - WITH_FREETYPE: 1, WITH_HARFBUZZ: 1
[2019.09.22-14.55.40:795][  0]LogAssetRegistry: FAssetRegistry took 0.0418 seconds to start up
[2019.09.22-14.55.44:649][  0]LogInit: Selected Device Profile: [Windows]
[2019.09.22-14.55.45:670][  0]LogMeshReduction: Using QuadricMeshReduction for automatic static mesh reduction
[2019.09.22-14.55.45:670][  0]LogMeshReduction: Using SimplygonMeshReduction for automatic skeletal mesh reduction
[2019.09.22-14.55.45:671][  0]LogMeshReduction: Using ProxyLODMeshReduction for automatic mesh merging
[2019.09.22-14.55.45:671][  0]LogMeshReduction: No distributed automatic mesh merging module available
[2019.09.22-14.55.45:671][  0]LogMeshMerging: No distributed automatic mesh merging module available
[2019.09.22-14.55.45:855][  0]LogNetVersion: MurphyStation 1.0.0, NetCL: 5660361, EngineNetVer: 10, GameNetVer: 0 (Checksum: 2413907910)
[2019.09.22-14.55.49:558][  0]LogTemp: IOS device listing is disabled (to many failed attempts)!
[2019.09.22-14.55.49:558][  0]LogPackageLocalizationCache: Processed 10 localized package path(s) for 1 prioritized culture(s) in 0.078121 seconds
[2019.09.22-14.55.49:566][  0]LogUObjectArray: 42205 objects as part of root set at end of initial load.
[2019.09.22-14.55.49:566][  0]LogUObjectAllocator: 7325032 out of 0 bytes used by permanent object pool.
[2019.09.22-14.55.49:566][  0]LogUObjectArray: CloseDisregardForGC: 0/0 objects in disregard for GC pool
[2019.09.22-14.56.03:614][  0]LogTcpMessaging: Initializing TcpMessaging bridge
[2019.09.22-14.56.03:672][  0]LogUdpMessaging: Initializing bridge on interface 0.0.0.0:0 to multicast group 230.0.0.1:6666.
[2019.09.22-14.56.04:178][  0]SourceControl: Source control is disabled
[2019.09.22-14.56.04:178][  0]SourceControl: Source control is disabled
[2019.09.22-14.56.04:233][  0]SourceControl: Source control is disabled
[2019.09.22-14.56.04:236][  0]SourceControl: Source control is disabled
[2019.09.22-14.56.04:961][  0]LogAndroidPermission: UAndroidPermissionCallbackProxy::GetInstance
[2019.09.22-14.56.05:296][  0]LogOcInput: OculusInput pre-init called
[2019.09.22-14.56.07:141][  0]LogEngine: Initializing Engine...
[2019.09.22-14.56.07:213][  0]LogHMD: Failed to initialize OpenVR with code 110
[2019.09.22-14.56.07:225][  0]LogStats: UGameplayTagsManager::InitializeManager -  0.000 s
[2019.09.22-14.56.08:199][  0]LogInit: Initializing FReadOnlyCVARCache
[2019.09.22-14.56.08:377][  0]LogAIModule: Creating AISystem for world Untitled
[2019.09.22-14.56.08:399][  0]LogInit: XAudio2 using 'Speakers (Realtek High Definition Audio)' : 2 channels at 48 kHz using 32 bits per sample (channel mask 0x3)
[2019.09.22-14.56.08:431][  0]LogInit: FAudioDevice initialized.
[2019.09.22-14.56.08:431][  0]LogNetVersion: Set ProjectVersion to 1.0.0.0. Version Checksum will be recalculated on next use.
[2019.09.22-14.56.08:666][  0]LogDerivedDataCache: Saved boot cache 0.23s 71MB C:/Users/amsbu/AppData/Local/UnrealEngine/4.22/DerivedDataCache/Boot.ddc.
[2019.09.22-14.56.08:674][  0]LogInit: Texture streaming: Enabled
[2019.09.22-14.56.08:804][  0]LogEngineSessionManager: EngineSessionManager initialized
[2019.09.22-14.56.09:054][  0]LogInit: Transaction tracking system initialized
[2019.09.22-14.56.09:282][  0]BlueprintLog: New page: Editor Load
[2019.09.22-14.56.09:905][  0]LocalizationService: Localization service is disabled
[2019.09.22-14.56.13:487][  0]LogCook: Display: Max memory allowance for cook 16384mb min free memory 0mb
[2019.09.22-14.56.13:487][  0]LogCook: Display: Mobile HDR setting 1
[2019.09.22-14.56.14:397][  0]LogFileCache: Scanning file cache for directory 'C:/Users/amsbu/OneDrive/Desktop/Game-480-Adhoc/MurphyStation/Content/' took 0.09s
[2019.09.22-14.56.17:035][  0]SourceControl: Source control is disabled
[2019.09.22-14.56.17:045][  0]Cmd: MAP LOAD FILE="../../../../../../Users/amsbu/OneDrive/Desktop/Game-480-Adhoc/MurphyStation/Content/TopDownBP/Maps/TopDownExampleMap.umap" TEMPLATE=0 SHOWPROGRESS=1 FEATURELEVEL=3
[2019.09.22-14.56.17:111][  0]LightingResults: New page: Lighting Build
[2019.09.22-14.56.17:137][  0]MapCheck: New page: Map Check
[2019.09.22-14.56.17:137][  0]LightingResults: New page: Lighting Build
[2019.09.22-14.56.17:244][  0]LogUObjectHash: Compacting FUObjectHashTables data took   2.71ms
[2019.09.22-14.56.18:374][  0]LogBlueprint: Warning: [Compiler Ue4ASP_Character] InputAction Event references unknown Action 'Crouch' for  InputAction Crouch
[2019.09.22-14.56.18:392][  0]LogBlueprint: Warning: [Compiler Ue4ASP_Character] [0071.49] Compile of Ue4ASP_Character successful, but with 1 Warning(s) [in 97 ms] (/Game/AnimStarterPack/Ue4ASP_Character.Ue4ASP_Character)
[2019.09.22-14.56.25:554][  0]LogAIModule: Creating AISystem for world TopDownExampleMap
[2019.09.22-14.56.26:599][  0]LogEditorServer: Finished looking for orphan Actors (0.000 secs)
[2019.09.22-14.56.26:756][  0]LogUObjectHash: Compacting FUObjectHashTables data took   4.91ms
[2019.09.22-14.56.26:766][  0]Cmd: MAP CHECKDEP NOCLEARLOG
[2019.09.22-14.56.26:785][  0]MapCheck: Map check complete: 0 Error(s), 0 Warning(s), took 0.194ms to complete.
[2019.09.22-14.56.26:785][  0]LogFileHelpers: Loading map 'TopDownExampleMap' took 9.740
[2019.09.22-14.56.27:221][  0]LogSlate: Updating window title bar state: overlay mode, drag disabled, window buttons hidden, title bar hidden
[2019.09.22-14.56.27:231][  0]LogSlate: Updating window title bar state: overlay mode, drag disabled, window buttons hidden, title bar hidden
[2019.09.22-14.56.27:241][  0]LogSlate: Updating window title bar state: overlay mode, drag disabled, window buttons hidden, title bar hidden
[2019.09.22-14.56.27:250][  0]LogSlate: Updating window title bar state: overlay mode, drag disabled, window buttons hidden, title bar hidden
[2019.09.22-14.56.27:302][  0]LogCollectionManager: Loaded 0 collections in 0.002998 seconds
[2019.09.22-14.56.27:355][  0]LogFileCache: Scanning file cache for directory 'C:/Users/amsbu/OneDrive/Desktop/Game-480-Adhoc/MurphyStation/Saved/Collections/' took 0.01s
[2019.09.22-14.56.27:355][  0]LogFileCache: Scanning file cache for directory 'C:/Users/amsbu/OneDrive/Desktop/Game-480-Adhoc/MurphyStation/Content/Developers/amsbu/Collections/' took 0.00s
[2019.09.22-14.56.27:355][  0]LogFileCache: Scanning file cache for directory 'C:/Users/amsbu/OneDrive/Desktop/Game-480-Adhoc/MurphyStation/Content/Collections/' took 0.00s
[2019.09.22-14.56.27:355][  0]LogCollectionManager: Rebuilt the GUID cache for 0 collections in 0.000001 seconds
[2019.09.22-14.56.27:400][  0]LogContentBrowser: Native class hierarchy populated in 0.0151 seconds. Added 2732 classes and 659 folders.
[2019.09.22-14.56.27:473][  0]LogContentBrowser: Native class hierarchy updated for 'WidgetCarousel' in 0.0003 seconds. Added 0 classes and 0 folders.
[2019.09.22-14.56.27:555][  0]LogPakFile: Registered encryption key '00000000000000000000000000000000': 0 pak files mounted, 0 remain pending
[2019.09.22-14.56.27:645][  0]LogPakFile: Registered encryption key '00000000000000000000000000000000': 0 pak files mounted, 0 remain pending
[2019.09.22-14.56.27:665][  0]LogPakFile: Registered encryption key '00000000000000000000000000000000': 0 pak files mounted, 0 remain pending
[2019.09.22-14.56.27:687][  0]LogPakFile: Registered encryption key '00000000000000000000000000000000': 0 pak files mounted, 0 remain pending
[2019.09.22-14.56.27:705][  0]LogPakFile: Registered encryption key '00000000000000000000000000000000': 0 pak files mounted, 0 remain pending
[2019.09.22-14.56.27:722][  0]LogPakFile: Registered encryption key '00000000000000000000000000000000': 0 pak files mounted, 0 remain pending
[2019.09.22-14.56.27:740][  0]LogPakFile: Registered encryption key '00000000000000000000000000000000': 0 pak files mounted, 0 remain pending
[2019.09.22-14.56.27:752][  0]LogPakFile: Registered encryption key '00000000000000000000000000000000': 0 pak files mounted, 0 remain pending
[2019.09.22-14.56.27:776][  0]LogPakFile: Registered encryption key '00000000000000000000000000000000': 0 pak files mounted, 0 remain pending
[2019.09.22-14.56.27:797][  0]LogPakFile: Registered encryption key '00000000000000000000000000000000': 0 pak files mounted, 0 remain pending
[2019.09.22-14.56.27:810][  0]LogPakFile: Registered encryption key '00000000000000000000000000000000': 0 pak files mounted, 0 remain pending
[2019.09.22-14.56.27:816][  0]LogPakFile: Registered encryption key '00000000000000000000000000000000': 0 pak files mounted, 0 remain pending
[2019.09.22-14.56.27:842][  0]LogPakFile: Registered encryption key '00000000000000000000000000000000': 0 pak files mounted, 0 remain pending
[2019.09.22-14.56.27:887][  0]LogPakFile: Registered encryption key '00000000000000000000000000000000': 0 pak files mounted, 0 remain pending
[2019.09.22-14.56.27:894][  0]LogPakFile: Registered encryption key '00000000000000000000000000000000': 0 pak files mounted, 0 remain pending
[2019.09.22-14.56.27:900][  0]LogPakFile: Registered encryption key '00000000000000000000000000000000': 0 pak files mounted, 0 remain pending
[2019.09.22-14.56.27:952][  0]LogPakFile: Registered encryption key '00000000000000000000000000000000': 0 pak files mounted, 0 remain pending
[2019.09.22-14.56.27:960][  0]LogPakFile: Registered encryption key '00000000000000000000000000000000': 0 pak files mounted, 0 remain pending
[2019.09.22-14.56.27:986][  0]LogPakFile: Registered encryption key '00000000000000000000000000000000': 0 pak files mounted, 0 remain pending
[2019.09.22-14.56.28:010][  0]LogPakFile: Registered encryption key '00000000000000000000000000000000': 0 pak files mounted, 0 remain pending
[2019.09.22-14.56.28:037][  0]LogPakFile: Registered encryption key '00000000000000000000000000000000': 0 pak files mounted, 0 remain pending
[2019.09.22-14.56.28:044][  0]LogPakFile: Registered encryption key '00000000000000000000000000000000': 0 pak files mounted, 0 remain pending
[2019.09.22-14.56.28:063][  0]LogPakFile: Registered encryption key '00000000000000000000000000000000': 0 pak files mounted, 0 remain pending
[2019.09.22-14.56.28:084][  0]LogPakFile: Registered encryption key '00000000000000000000000000000000': 0 pak files mounted, 0 remain pending
[2019.09.22-14.56.28:145][  0]LogPakFile: Registered encryption key '00000000000000000000000000000000': 0 pak files mounted, 0 remain pending
[2019.09.22-14.56.28:168][  0]LogPakFile: Registered encryption key '00000000000000000000000000000000': 0 pak files mounted, 0 remain pending
[2019.09.22-14.56.29:609][  0]LogContentBrowser: Native class hierarchy updated for 'AddContentDialog' in 0.0003 seconds. Added 0 classes and 0 folders.
[2019.09.22-14.56.29:658][  0]LogContentBrowser: Native class hierarchy updated for 'SceneOutliner' in 0.0004 seconds. Added 1 classes and 2 folders.
[2019.09.22-14.56.30:130][  0]LogSlate: Took 0.016152 seconds to synchronously load lazily loaded font '../../../Engine/Content/Slate/Fonts/Roboto-Regular.ttf' (155K)
[2019.09.22-14.56.30:152][  0]LogSlate: Took 0.019500 seconds to synchronously load lazily loaded font '../../../Engine/Content/Slate/Fonts/Roboto-Bold.ttf' (160K)
[2019.09.22-14.56.30:196][  0]LogSlate: Took 0.034364 seconds to synchronously load lazily loaded font '../../../Engine/Content/Editor/Slate/Fonts/FontAwesome.ttf' (139K)
[2019.09.22-14.56.30:623][  0]LogRenderer: Reallocating scene render targets to support 1252x572 Format 10 NumSamples 1 (Frame:1).
[2019.09.22-14.56.30:910][  0]LogSlate: Took 0.022365 seconds to synchronously load lazily loaded font '../../../Engine/Content/Slate/Fonts/Roboto-Light.ttf' (167K)
[2019.09.22-14.56.31:169][  0]LogContentBrowser: Native class hierarchy updated for 'HierarchicalLODOutliner' in 0.0004 seconds. Added 0 classes and 0 folders.
[2019.09.22-14.56.31:169][  0]LogLoad: (Engine Initialization) Total time: 84.27 seconds
[2019.09.22-14.56.31:169][  0]LogLoad: (Engine Initialization) Total Blueprint compile time: 0.00 seconds
[2019.09.22-14.56.31:484][  0]LogContentStreaming: Texture pool size now 1000 MB
[2019.09.22-14.56.31:979][  1]LogAssetRegistry: Asset discovery search completed in 51.2063 seconds
[2019.09.22-14.56.31:982][  1]LogCollectionManager: Rebuilt the object cache for 0 collections in 0.000001 seconds (found 0 objects)
[2019.09.22-14.56.31:982][  1]LogCollectionManager: Fixed up redirectors for 0 collections in 0.000053 seconds (updated 0 objects)
[2019.09.22-14.56.36:922][300]LogFileCache: Retrieving MD5 hashes for directory 'C:/Users/amsbu/OneDrive/Desktop/Game-480-Adhoc/MurphyStation/Content/' took 5.72s
[2019.09.22-14.57.32:920][427]LogEditorViewport: Clicking on Actor (LMB): TopDownCharacter_C (ScenePlayer)
[2019.09.22-14.57.43:154][383]LogSlate: Took 0.013046 seconds to synchronously load lazily loaded font '../../../Engine/Content/Slate/Fonts/Roboto-Italic.ttf' (157K)
[2019.09.22-14.57.44:128][465]LogSlate: FSceneViewport::OnFocusLost() reason 0
[2019.09.22-14.59.07:758][705]LogEditorViewport: Clicking on Actor (context menu): RoomBase_C (RoomBase21)
[2019.09.22-14.59.08:065][705]LogSlate: FSceneViewport::OnFocusLost() reason 2
[2019.09.22-14.59.10:250][908]LogEditorViewport: Clicking on Actor (LMB): TopDownCharacter_C (ScenePlayer)
[2019.09.22-14.59.11:144][976]LogEditorViewport: Clicking on Actor (context menu): TopDownCharacter_C (ScenePlayer)
[2019.09.22-14.59.11:245][976]LogSlate: FSceneViewport::OnFocusLost() reason 2
[2019.09.22-15.00.21:102][424]LogSlate: FSceneViewport::OnFocusLost() reason 2
[2019.09.22-15.00.36:336][705]LogSlate: Took 0.000264 seconds to synchronously load lazily loaded font '../../../Engine/Content/Slate/Fonts/Roboto-Light.ttf' (167K)
[2019.09.22-15.00.36:338][705]LogSlate: FSceneViewport::OnFocusLost() reason 2
[2019.09.22-15.00.49:646][705]LogSlate: Window 'FBX Export Options' being destroyed
[2019.09.22-15.00.49:847][705]LogFbx: Warning: FBX version number for this version of the FBX SDK is 7.5.0


[2019.09.22-15.01.31:449][942]LogUnrealEdMisc: Warning: Heartbeat event firing too frequently (41.451 sec). This should never happen. Something is wrong with the timer delegate!
[2019.09.22-15.51.46:085][457]LogSlate: FSceneViewport::OnFocusLost() reason 0
[2019.09.22-15.53.02:722][819]LogSlate: FSceneViewport::OnFocusLost() reason 2
[2019.09.22-15.54.36:260][134]LogFactory: FactoryCreateFile: StaticMesh with FbxFactory (0 0 ../../../../../../Users/amsbu/OneDrive/Desktop/table.fbx)
[2019.09.22-15.54.36:304][134]LogFbx: Loading FBX Scene from ../../../../../../Users/amsbu/OneDrive/Desktop/table.fbx
[2019.09.22-15.54.36:346][134]LogFbx: FBX Scene Loaded Succesfully
[2019.09.22-15.54.40:878][134]LogSlate: Window 'FBX Import Options' being destroyed
[2019.09.22-15.54.41:326][134]LogMaterial: Display: Missing cached shader map for material Material, compiling. 
[2019.09.22-15.54.41:655][134]LogFbx: Display: Triangulating static mesh Cube
[2019.09.22-15.54.42:000][134]LogStaticMesh: Building static mesh table...
[2019.09.22-15.54.42:088][134]LogStaticMesh: Built static mesh [0.13s] /Game/ModelsThatEthanMade/table.table
[2019.09.22-15.54.42:337][134]FBXImport: Warning: No smoothing group information was found in this FBX scene.  Please make sure to enable the 'Export Smoothing Groups' option in the FBX Exporter plug-in before exporting the file.  Even for tools that don't support smoothing groups, the FBX Exporter will generate appropriate smoothing data at export-time so that correct vertex normals can be inferred while importing. 
[2019.09.22-15.54.48:599][649]LogSlate: Window 'Message Log' being destroyed
[2019.09.22-15.54.48:604][649]LogSlate: Window 'Message Log' being destroyed
[2019.09.22-15.54.54:352][189]LogActorFactory: Actor Factory created table
[2019.09.22-15.54.56:472][215]LogActorFactory: Actor Factory created table
[2019.09.22-15.55.00:850][526]LogSlate: FSceneViewport::OnFocusLost() reason 0
[2019.09.22-15.55.00:909][533]LogTemp: Repeating last play command: Selected Viewport
[2019.09.22-15.55.00:939][533]LogBlueprintUserMessages: Early PlayInEditor Detection: Level '/Game/TopDownBP/Maps/TopDownExampleMap.TopDownExampleMap:PersistentLevel' has LevelScriptBlueprint '/Game/TopDownBP/Maps/TopDownExampleMap.TopDownExampleMap:PersistentLevel.TopDownExampleMap' with GeneratedClass '/Game/TopDownBP/Maps/TopDownExampleMap.TopDownExampleMap_C' with ClassGeneratedBy '/Game/TopDownBP/Maps/TopDownExampleMap.TopDownExampleMap:PersistentLevel.TopDownExampleMap'
[2019.09.22-15.55.00:939][533]LogPlayLevel: PlayLevel: No blueprints needed recompiling
[2019.09.22-15.55.01:004][533]PIE: New page: PIE session: TopDownExampleMap (Sep 22, 2019, 7:55:00 AM)
[2019.09.22-15.55.01:019][533]LogPlayLevel: Creating play world package: /Game/TopDownBP/Maps/UEDPIE_0_TopDownExampleMap
[2019.09.22-15.55.01:219][533]LogPlayLevel: PIE: StaticDuplicateObject took: (0.199815s)
[2019.09.22-15.55.01:239][533]LogAIModule: Creating AISystem for world TopDownExampleMap
[2019.09.22-15.55.01:239][533]LogPlayLevel: PIE: World Init took: (0.019757s)
[2019.09.22-15.55.01:239][533]LogPlayLevel: PIE: Created PIE world by copying editor world from /Game/TopDownBP/Maps/TopDownExampleMap.TopDownExampleMap to /Game/TopDownBP/Maps/UEDPIE_0_TopDownExampleMap.TopDownExampleMap (0.219983s)
[2019.09.22-15.55.01:357][533]LogUObjectHash: Compacting FUObjectHashTables data took   7.53ms
[2019.09.22-15.55.01:377][533]LogInit: XAudio2 using 'Speakers (Realtek High Definition Audio)' : 2 channels at 48 kHz using 32 bits per sample (channel mask 0x3)
[2019.09.22-15.55.01:429][533]LogInit: FAudioDevice initialized.
[2019.09.22-15.55.01:479][533]LogLoad: Game class is 'TopDownGameMode_C'
[2019.09.22-15.55.01:606][533]LogWorld: Bringing World /Game/TopDownBP/Maps/UEDPIE_0_TopDownExampleMap.TopDownExampleMap up for play (max tick rate 0) at 2019.09.22-11.55.01
[2019.09.22-15.55.01:640][533]LogWorld: Bringing up level for play took: 0.156918
[2019.09.22-15.55.01:719][533]LogContentBrowser: Native class hierarchy updated for 'MovieSceneCapture' in 0.0013 seconds. Added 20 classes and 0 folders.
[2019.09.22-15.55.01:842][533]PIE: Play in editor start time for /Game/TopDownBP/Maps/UEDPIE_0_TopDownExampleMap 0.49
[2019.09.22-15.55.01:843][533]LogBlueprintUserMessages: Late PlayInEditor Detection: Level '/Game/TopDownBP/Maps/TopDownExampleMap.TopDownExampleMap:PersistentLevel' has LevelScriptBlueprint '/Game/TopDownBP/Maps/TopDownExampleMap.TopDownExampleMap:PersistentLevel.TopDownExampleMap' with GeneratedClass '/Game/TopDownBP/Maps/TopDownExampleMap.TopDownExampleMap_C' with ClassGeneratedBy '/Game/TopDownBP/Maps/TopDownExampleMap.TopDownExampleMap:PersistentLevel.TopDownExampleMap'
[2019.09.22-15.55.01:982][534]LogCharacterMovement: Warning: GetSimulationTimeStep() - Max iterations 8 hit while remaining time 0.100000 > MaxSimulationTimeStep (0.050) for 'AIPawn_C_11', movement 'Falling'
[2019.09.22-15.55.01:986][534]LogCharacterMovement: Warning: GetSimulationTimeStep() - Max iterations 8 hit while remaining time 0.100000 > MaxSimulationTimeStep (0.050) for 'AIPawn_C_15', movement 'Falling'
[2019.09.22-15.55.01:987][534]LogCharacterMovement: Warning: GetSimulationTimeStep() - Max iterations 8 hit while remaining time 0.100000 > MaxSimulationTimeStep (0.050) for 'AIPawn_C_17', movement 'Falling'
[2019.09.22-15.55.01:994][534]LogCharacterMovement: Warning: GetSimulationTimeStep() - Max iterations 8 hit while remaining time 0.100000 > MaxSimulationTimeStep (0.050) for 'AIPawn_C_21', movement 'Falling'
[2019.09.22-15.55.01:999][534]LogCharacterMovement: Warning: GetSimulationTimeStep() - Max iterations 8 hit while remaining time 0.100000 > MaxSimulationTimeStep (0.050) for 'AIPawn_C_25', movement 'Falling'
[2019.09.22-15.55.02:000][534]LogCharacterMovement: Warning: GetSimulationTimeStep() - Max iterations 8 hit while remaining time 0.100000 > MaxSimulationTimeStep (0.050) for 'AIPawn_C_27', movement 'Falling'
[2019.09.22-15.55.02:001][534]LogCharacterMovement: Warning: GetSimulationTimeStep() - Max iterations 8 hit while remaining time 0.100000 > MaxSimulationTimeStep (0.050) for 'AIPawn_C_30', movement 'Falling'
[2019.09.22-15.55.02:004][534]LogCharacterMovement: Warning: GetSimulationTimeStep() - Max iterations 8 hit while remaining time 0.100000 > MaxSimulationTimeStep (0.050) for 'AIPawn_C_34', movement 'Falling'
[2019.09.22-15.55.02:009][534]LogCharacterMovement: Warning: GetSimulationTimeStep() - Max iterations 8 hit while remaining time 0.100000 > MaxSimulationTimeStep (0.050) for 'AIPawn_C_40', movement 'Falling'
[2019.09.22-15.55.02:012][534]LogCharacterMovement: Warning: GetSimulationTimeStep() - Max iterations 8 hit while remaining time 0.100000 > MaxSimulationTimeStep (0.050) for 'AIPawn_C_45', movement 'Falling'
[2019.09.22-15.55.02:013][534]LogCharacterMovement: Warning: GetSimulationTimeStep() - Max iterations 8 hit while remaining time 0.100000 > MaxSimulationTimeStep (0.050) for 'AIPawn_C_47', movement 'Falling'
[2019.09.22-15.55.02:017][534]LogCharacterMovement: Warning: GetSimulationTimeStep() - Max iterations 8 hit while remaining time 0.100000 > MaxSimulationTimeStep (0.050) for 'AIPawn_C_51', movement 'Falling'
[2019.09.22-15.55.02:019][534]LogCharacterMovement: Warning: GetSimulationTimeStep() - Max iterations 8 hit while remaining time 0.100000 > MaxSimulationTimeStep (0.050) for 'AIPawn_C_54', movement 'Falling'
[2019.09.22-15.55.02:022][534]LogCharacterMovement: Warning: GetSimulationTimeStep() - Max iterations 8 hit while remaining time 0.100000 > MaxSimulationTimeStep (0.050) for 'AIPawn_C_57', movement 'Falling'
[2019.09.22-15.55.02:023][534]LogCharacterMovement: Warning: GetSimulationTimeStep() - Max iterations 8 hit while remaining time 0.100000 > MaxSimulationTimeStep (0.050) for 'AIPawn_C_59', movement 'Falling'
[2019.09.22-15.55.02:025][534]LogCharacterMovement: Warning: GetSimulationTimeStep() - Max iterations 8 hit while remaining time 0.100000 > MaxSimulationTimeStep (0.050) for 'AIPawn_C_62', movement 'Falling'
[2019.09.22-15.55.02:026][534]LogCharacterMovement: Warning: GetSimulationTimeStep() - Max iterations 8 hit while remaining time 0.100000 > MaxSimulationTimeStep (0.050) for 'AIPawn_C_65', movement 'Falling'
[2019.09.22-15.55.02:039][534]LogCharacterMovement: Warning: GetSimulationTimeStep() - Max iterations 8 hit while remaining time 0.100000 > MaxSimulationTimeStep (0.050) for 'AIPawn_C_81', movement 'Falling'
[2019.09.22-15.55.02:040][534]LogCharacterMovement: Warning: GetSimulationTimeStep() - Max iterations 8 hit while remaining time 0.100000 > MaxSimulationTimeStep (0.050) for 'AIPawn_C_83', movement 'Falling'
[2019.09.22-15.55.02:041][534]LogCharacterMovement: Warning: GetSimulationTimeStep() - Max iterations 8 hit while remaining time 0.100000 > MaxSimulationTimeStep (0.050) for 'AIPawn_C_86', movement 'Falling'
[2019.09.22-15.55.02:044][534]LogCharacterMovement: Warning: GetSimulationTimeStep() - Max iterations 8 hit while remaining time 0.100000 > MaxSimulationTimeStep (0.050) for 'AIPawn_C_89', movement 'Falling'
[2019.09.22-15.55.02:044][534]LogCharacterMovement: Warning: GetSimulationTimeStep() - Max iterations 8 hit while remaining time 0.100000 > MaxSimulationTimeStep (0.050) for 'AIPawn_C_91', movement 'Falling'
[2019.09.22-15.55.02:050][534]LogCharacterMovement: Warning: GetSimulationTimeStep() - Max iterations 8 hit while remaining time 0.100000 > MaxSimulationTimeStep (0.050) for 'AIPawn_C_96', movement 'Falling'
[2019.09.22-15.55.02:050][534]LogCharacterMovement: Warning: GetSimulationTimeStep() - Max iterations 8 hit while remaining time 0.100000 > MaxSimulationTimeStep (0.050) for 'AIPawn_C_98', movement 'Falling'
[2019.09.22-15.55.02:053][534]LogCharacterMovement: Warning: GetSimulationTimeStep() - Max iterations 8 hit while remaining time 0.100000 > MaxSimulationTimeStep (0.050) for 'AIPawn_C_102', movement 'Falling'
[2019.09.22-15.55.02:057][534]LogCharacterMovement: Warning: GetSimulationTimeStep() - Max iterations 8 hit while remaining time 0.100000 > MaxSimulationTimeStep (0.050) for 'AIPawn_C_106', movement 'Falling'
[2019.09.22-15.55.02:062][534]LogCharacterMovement: Warning: GetSimulationTimeStep() - Max iterations 8 hit while remaining time 0.100000 > MaxSimulationTimeStep (0.050) for 'AIPawn_C_111', movement 'Falling'
[2019.09.22-15.55.02:064][534]LogCharacterMovement: Warning: GetSimulationTimeStep() - Max iterations 8 hit while remaining time 0.100000 > MaxSimulationTimeStep (0.050) for 'AIPawn_C_114', movement 'Falling'
[2019.09.22-15.55.02:068][534]LogCharacterMovement: Warning: GetSimulationTimeStep() - Max iterations 8 hit while remaining time 0.100000 > MaxSimulationTimeStep (0.050) for 'AIPawn_C_118', movement 'Falling'
[2019.09.22-15.55.02:071][534]LogCharacterMovement: Warning: GetSimulationTimeStep() - Max iterations 8 hit while remaining time 0.100000 > MaxSimulationTimeStep (0.050) for 'AIPawn_C_122', movement 'Falling'
[2019.09.22-15.55.02:075][534]LogCharacterMovement: Warning: GetSimulationTimeStep() - Max iterations 8 hit while remaining time 0.100000 > MaxSimulationTimeStep (0.050) for 'AIPawn_C_126', movement 'Falling'
[2019.09.22-15.55.02:078][534]LogCharacterMovement: Warning: GetSimulationTimeStep() - Max iterations 8 hit while remaining time 0.100000 > MaxSimulationTimeStep (0.050) for 'AIPawn_C_130', movement 'Falling'
[2019.09.22-15.55.02:079][534]LogCharacterMovement: Warning: GetSimulationTimeStep() - Max iterations 8 hit while remaining time 0.100000 > MaxSimulationTimeStep (0.050) for 'AIPawn_C_133', movement 'Falling'
[2019.09.22-15.56.08:337][651]LogSlate: FSceneViewport::OnFocusLost() reason 0
[2019.09.22-15.56.08:410][655]LogBlueprintUserMessages: Early EndPlayMap Detection: Level '/Game/TopDownBP/Maps/TopDownExampleMap.TopDownExampleMap:PersistentLevel' has LevelScriptBlueprint '/Game/TopDownBP/Maps/TopDownExampleMap.TopDownExampleMap:PersistentLevel.TopDownExampleMap' with GeneratedClass '/Game/TopDownBP/Maps/TopDownExampleMap.TopDownExampleMap_C' with ClassGeneratedBy '/Game/TopDownBP/Maps/TopDownExampleMap.TopDownExampleMap:PersistentLevel.TopDownExampleMap'
[2019.09.22-15.56.08:410][655]LogSlate: Updating window title bar state: overlay mode, drag disabled, window buttons hidden, title bar hidden
[2019.09.22-15.56.08:495][655]LogPlayLevel: Display: Shutting down PIE online subsystems
[2019.09.22-15.56.08:495][655]LogBlueprintUserMessages: Late EndPlayMap Detection: Level '/Game/TopDownBP/Maps/TopDownExampleMap.TopDownExampleMap:PersistentLevel' has LevelScriptBlueprint '/Game/TopDownBP/Maps/TopDownExampleMap.TopDownExampleMap:PersistentLevel.TopDownExampleMap' with GeneratedClass '/Game/TopDownBP/Maps/TopDownExampleMap.TopDownExampleMap_C' with ClassGeneratedBy '/Game/TopDownBP/Maps/TopDownExampleMap.TopDownExampleMap:PersistentLevel.TopDownExampleMap'
[2019.09.22-15.56.08:612][655]LogSlate: Updating window title bar state: overlay mode, drag disabled, window buttons hidden, title bar hidden
[2019.09.22-15.56.08:629][655]LogUObjectHash: Compacting FUObjectHashTables data took   3.38ms
[2019.09.22-15.56.08:755][656]LogPlayLevel: Display: Destroying online subsystem :Context_11
[2019.09.22-15.56.35:585][989]LogUObjectHash: Compacting FUObjectHashTables data took   0.98ms
[2019.09.22-15.56.38:804][989]LogSavePackage: Moving '../../../../../../Users/amsbu/OneDrive/Desktop/Game-480-Adhoc/MurphyStation/Saved/TopDownExampleMap_Auto11D26EC7348BCD085003365ACE41145BB.tmp' to '../../../../../../Users/amsbu/OneDrive/Desktop/Game-480-Adhoc/MurphyStation/Saved/Autosaves/Game/TopDownBP/Maps/TopDownExampleMap_Auto1.umap'
[2019.09.22-15.56.38:827][989]LogFileHelpers: Editor autosave (incl. sublevels) for '/Game/TopDownBP/Maps/TopDownExampleMap' took 3.332
[2019.09.22-15.56.38:827][989]LogFileHelpers: Editor autosave (incl. sublevels) for all levels took 3.332
[2019.09.22-15.56.38:832][989]OBJ SavePackage: Generating thumbnails for [1] asset(s) in package [/Game/ModelsThatEthanMade/table] ([1] browsable assets)...
[2019.09.22-15.56.38:869][989]OBJ SavePackage:     Rendered thumbnail for [StaticMesh /Game/ModelsThatEthanMade/table.table]
[2019.09.22-15.56.38:869][989]OBJ SavePackage: Finished generating thumbnails for package [/Game/ModelsThatEthanMade/table]
[2019.09.22-15.56.38:899][989]LogSavePackage: Moving '../../../../../../Users/amsbu/OneDrive/Desktop/Game-480-Adhoc/MurphyStation/Saved/table_Auto11054449F43D66B833832ADB60B3A33A7.tmp' to '../../../../../../Users/amsbu/OneDrive/Desktop/Game-480-Adhoc/MurphyStation/Saved/Autosaves/Game/ModelsThatEthanMade/table_Auto1.uasset'
[2019.09.22-15.56.38:902][989]OBJ SavePackage: Generating thumbnails for [1] asset(s) in package [/Game/ModelsThatEthanMade/Material] ([1] browsable assets)...
[2019.09.22-15.56.38:925][989]OBJ SavePackage:     Rendered thumbnail for [Material /Game/ModelsThatEthanMade/Material.Material]
[2019.09.22-15.56.38:925][989]OBJ SavePackage: Finished generating thumbnails for package [/Game/ModelsThatEthanMade/Material]
[2019.09.22-15.56.38:947][989]LogSavePackage: Moving '../../../../../../Users/amsbu/OneDrive/Desktop/Game-480-Adhoc/MurphyStation/Saved/Material_Auto1D64624D64479D7317FD87C97ECB4708B.tmp' to '../../../../../../Users/amsbu/OneDrive/Desktop/Game-480-Adhoc/MurphyStation/Saved/Autosaves/Game/ModelsThatEthanMade/Material_Auto1.uasset'
[2019.09.22-15.56.38:949][989]LogFileHelpers: Auto-saving content packages took 0.120
[2019.09.22-15.56.47:767][319]LogFactory: FactoryCreateFile: StaticMesh with FbxFactory (0 0 ../../../../../../Users/amsbu/OneDrive/Desktop/command console.fbx)
[2019.09.22-15.56.47:783][319]LogFbx: Loading FBX Scene from ../../../../../../Users/amsbu/OneDrive/Desktop/command console.fbx
[2019.09.22-15.56.47:801][319]LogFbx: FBX Scene Loaded Succesfully
[2019.09.22-15.56.52:401][319]LogSlate: Window 'FBX Import Options' being destroyed
[2019.09.22-15.56.52:444][319]LogFbx: Display: Triangulating static mesh Cube
[2019.09.22-15.56.52:458][319]LogStaticMesh: Building static mesh command_console_Cube...
[2019.09.22-15.56.52:466][319]LogStaticMesh: Built static mesh [0.01s] /Game/ModelsThatEthanMade/command_console_Cube.command_console_Cube
[2019.09.22-15.56.52:490][319]LogFbx: Display: Triangulating static mesh Torus
[2019.09.22-15.56.52:566][319]LogStaticMesh: Building static mesh command_console_Torus...
[2019.09.22-15.56.52:586][319]LogStaticMesh: Built static mesh [0.02s] /Game/ModelsThatEthanMade/command_console_Torus.command_console_Torus
[2019.09.22-15.56.52:605][319]LogFbx: Display: Triangulating static mesh Cube.003
[2019.09.22-15.56.52:615][319]LogStaticMesh: Building static mesh command_console_Cube_003...
[2019.09.22-15.56.52:623][319]LogStaticMesh: Built static mesh [0.01s] /Game/ModelsThatEthanMade/command_console_Cube_003.command_console_Cube_003
[2019.09.22-15.56.52:637][319]LogFbx: Display: Triangulating static mesh Cube.005
[2019.09.22-15.56.52:647][319]LogStaticMesh: Building static mesh command_console_Cube_005...
[2019.09.22-15.56.52:655][319]LogStaticMesh: Built static mesh [0.01s] /Game/ModelsThatEthanMade/command_console_Cube_005.command_console_Cube_005
[2019.09.22-15.56.52:669][319]LogFbx: Display: Triangulating static mesh Cube.006
[2019.09.22-15.56.52:680][319]LogStaticMesh: Building static mesh command_console_Cube_006...
[2019.09.22-15.56.52:687][319]LogStaticMesh: Built static mesh [0.01s] /Game/ModelsThatEthanMade/command_console_Cube_006.command_console_Cube_006
[2019.09.22-15.56.52:698][319]LogFbx: Display: Triangulating static mesh Cube.007
[2019.09.22-15.56.52:708][319]LogStaticMesh: Building static mesh command_console_Cube_007...
[2019.09.22-15.56.52:715][319]LogStaticMesh: Built static mesh [0.01s] /Game/ModelsThatEthanMade/command_console_Cube_007.command_console_Cube_007
[2019.09.22-15.56.52:746][319]FBXImport: Warning: No smoothing group information was found in this FBX scene.  Please make sure to enable the 'Export Smoothing Groups' option in the FBX Exporter plug-in before exporting the file.  Even for tools that don't support smoothing groups, the FBX Exporter will generate appropriate smoothing data at export-time so that correct vertex normals can be inferred while importing. 
[2019.09.22-15.56.57:454][837]LogSlate: Window 'Message Log' being destroyed
[2019.09.22-15.56.57:458][837]LogSlate: Window 'Message Log' being destroyed
[2019.09.22-15.57.06:600][567]LogSlate: FSceneViewport::OnFocusLost() reason 0
[2019.09.22-15.57.06:741][582]LogActorFactory: Actor Factory created command_console_Cube
[2019.09.22-15.57.10:401][702]LogActorFactory: Actor Factory created command_console_Cube
[2019.09.22-15.57.15:395][264]Cmd: DELETE
[2019.09.22-15.57.15:395][264]Cmd: ACTOR DELETE
[2019.09.22-15.57.15:682][264]LogEditorActor: Deleted Actor: StaticMeshActor
[2019.09.22-15.57.15:776][264]LogUObjectHash: Compacting FUObjectHashTables data took   3.63ms
[2019.09.22-15.57.15:777][264]LogEditorActor: Deleted 1 Actors (0.176 secs)
[2019.09.22-15.57.22:243][938]LogSlate: FSceneViewport::OnFocusLost() reason 0
[2019.09.22-15.57.23:472][ 55]LogUObjectHash: Compacting FUObjectHashTables data took   1.01ms
[2019.09.22-15.57.25:812][ 55]LogSlate: Window 'Delete Assets' being destroyed
[2019.09.22-15.57.25:972][ 55]LogUObjectHash: Compacting FUObjectHashTables data took   2.92ms
[2019.09.22-15.57.26:872][141]LogUObjectHash: Compacting FUObjectHashTables data took   0.95ms
[2019.09.22-15.57.28:101][141]LogSlate: Window 'Delete Assets' being destroyed
[2019.09.22-15.57.28:230][141]LogUObjectHash: Compacting FUObjectHashTables data took   2.50ms
[2019.09.22-15.57.32:811][589]LogUObjectHash: Compacting FUObjectHashTables data took   0.93ms
[2019.09.22-15.57.34:835][589]LogSlate: Window 'Delete Assets' being destroyed
[2019.09.22-15.57.35:007][589]LogUObjectHash: Compacting FUObjectHashTables data took   2.76ms
[2019.09.22-15.58.29:113][108]LogFactory: FactoryCreateFile: StaticMesh with FbxFactory (0 0 ../../../../../../Users/amsbu/OneDrive/Desktop/command console.fbx)
[2019.09.22-15.58.29:128][108]LogFbx: Loading FBX Scene from ../../../../../../Users/amsbu/OneDrive/Desktop/command console.fbx
[2019.09.22-15.58.29:144][108]LogFbx: FBX Scene Loaded Succesfully
[2019.09.22-15.58.44:409][108]LogSlate: Window 'FBX Import Options' being destroyed
[2019.09.22-15.58.44:480][108]LogFbx: Display: Triangulating static mesh Cube
[2019.09.22-15.58.44:493][108]LogStaticMesh: Building static mesh command_console_Cube...
[2019.09.22-15.58.44:501][108]LogStaticMesh: Built static mesh [0.01s] /Game/ModelsThatEthanMade/command_console_Cube.command_console_Cube
[2019.09.22-15.58.44:511][108]LogFbx: Display: Triangulating static mesh Torus
[2019.09.22-15.58.44:592][108]LogStaticMesh: Building static mesh command_console_Torus...
[2019.09.22-15.58.44:613][108]LogStaticMesh: Built static mesh [0.02s] /Game/ModelsThatEthanMade/command_console_Torus.command_console_Torus
[2019.09.22-15.58.44:628][108]LogFbx: Display: Triangulating static mesh Cube.003
[2019.09.22-15.58.44:638][108]LogStaticMesh: Building static mesh command_console_Cube_003...
[2019.09.22-15.58.44:645][108]LogStaticMesh: Built static mesh [0.01s] /Game/ModelsThatEthanMade/command_console_Cube_003.command_console_Cube_003
[2019.09.22-15.58.44:653][108]LogFbx: Display: Triangulating static mesh Cube.005
[2019.09.22-15.58.44:664][108]LogStaticMesh: Building static mesh command_console_Cube_005...
[2019.09.22-15.58.44:671][108]LogStaticMesh: Built static mesh [0.01s] /Game/ModelsThatEthanMade/command_console_Cube_005.command_console_Cube_005
[2019.09.22-15.58.44:678][108]LogFbx: Display: Triangulating static mesh Cube.006
[2019.09.22-15.58.44:687][108]LogStaticMesh: Building static mesh command_console_Cube_006...
[2019.09.22-15.58.44:694][108]LogStaticMesh: Built static mesh [0.01s] /Game/ModelsThatEthanMade/command_console_Cube_006.command_console_Cube_006
[2019.09.22-15.58.44:704][108]LogFbx: Display: Triangulating static mesh Cube.007
[2019.09.22-15.58.44:714][108]LogStaticMesh: Building static mesh command_console_Cube_007...
[2019.09.22-15.58.44:723][108]LogStaticMesh: Built static mesh [0.01s] /Game/ModelsThatEthanMade/command_console_Cube_007.command_console_Cube_007
[2019.09.22-15.58.44:759][108]FBXImport: Warning: No smoothing group information was found in this FBX scene.  Please make sure to enable the 'Export Smoothing Groups' option in the FBX Exporter plug-in before exporting the file.  Even for tools that don't support smoothing groups, the FBX Exporter will generate appropriate smoothing data at export-time so that correct vertex normals can be inferred while importing. 
[2019.09.22-15.58.47:882][460]LogSlate: Window 'Message Log' being destroyed
[2019.09.22-15.58.47:886][460]LogSlate: Window 'Message Log' being destroyed
[2019.09.22-15.58.49:285][595]LogActorFactory: Actor Factory created command_console_Cube_006
[2019.09.22-15.58.50:810][643]LogActorFactory: Actor Factory created command_console_Cube_006
[2019.09.22-15.58.54:752][939]Cmd: TRANSACTION UNDO
[2019.09.22-15.58.54:752][939]LogEditorTransaction: Undo Create Actors
[2019.09.22-15.59.02:901][818]LogSlate: FSceneViewport::OnFocusLost() reason 0
[2019.09.22-15.59.05:589][100]LogUObjectHash: Compacting FUObjectHashTables data took   2.81ms
[2019.09.22-15.59.07:984][100]LogSlate: Window 'Delete Assets' being destroyed
[2019.09.22-15.59.08:156][100]LogUObjectHash: Compacting FUObjectHashTables data took   2.62ms
[2019.09.22-15.59.31:351][617]LogUnrealEdMisc: Warning: Heartbeat event firing too frequently (46.533 sec). This should never happen. Something is wrong with the timer delegate!
[2019.09.22-16.01.12:971][470]LogUObjectHash: Compacting FUObjectHashTables data took   1.07ms
[2019.09.22-16.01.14:241][470]LogSlate: Window 'Delete Assets' being destroyed
[2019.09.22-16.01.14:369][470]LogUObjectHash: Compacting FUObjectHashTables data took   1.30ms
[2019.09.22-16.01.17:488][642]LogFactory: FactoryCreateFile: StaticMesh with FbxFactory (0 0 ../../../../../../Users/amsbu/OneDrive/Desktop/command console.fbx)
[2019.09.22-16.01.17:503][642]LogFbx: Loading FBX Scene from ../../../../../../Users/amsbu/OneDrive/Desktop/command console.fbx
[2019.09.22-16.01.17:516][642]LogFbx: FBX Scene Loaded Succesfully
[2019.09.22-16.01.19:072][642]LogSlate: Window 'FBX Import Options' being destroyed
[2019.09.22-16.01.19:145][642]LogFbx: Display: Triangulating static mesh console
[2019.09.22-16.01.19:159][642]LogStaticMesh: Building static mesh command_console_console...
[2019.09.22-16.01.19:167][642]LogStaticMesh: Built static mesh [0.01s] /Game/ModelsThatEthanMade/command_console_console.command_console_console
[2019.09.22-16.01.19:179][642]LogFbx: Display: Triangulating static mesh console middle
[2019.09.22-16.01.19:255][642]LogStaticMesh: Building static mesh command_console_console_middle...
[2019.09.22-16.01.19:275][642]LogStaticMesh: Built static mesh [0.02s] /Game/ModelsThatEthanMade/command_console_console_middle.command_console_console_middle
[2019.09.22-16.01.19:292][642]LogFbx: Display: Triangulating static mesh screens
[2019.09.22-16.01.19:322][642]LogStaticMesh: Building static mesh command_console_screens...
[2019.09.22-16.01.19:341][642]LogStaticMesh: Built static mesh [0.02s] /Game/ModelsThatEthanMade/command_console_screens.command_console_screens
[2019.09.22-16.01.19:365][642]FBXImport: Warning: No smoothing group information was found in this FBX scene.  Please make sure to enable the 'Export Smoothing Groups' option in the FBX Exporter plug-in before exporting the file.  Even for tools that don't support smoothing groups, the FBX Exporter will generate appropriate smoothing data at export-time so that correct vertex normals can be inferred while importing. 
[2019.09.22-16.01.22:756][ 13]LogSlate: Window 'Message Log' being destroyed
[2019.09.22-16.01.22:760][ 13]LogSlate: Window 'Message Log' being destroyed
[2019.09.22-16.01.24:215][173]LogActorFactory: Actor Factory created command_console_console
[2019.09.22-16.01.25:632][218]LogActorFactory: Actor Factory created command_console_console
[2019.09.22-16.01.32:462][689]LogSlate: FSceneViewport::OnFocusLost() reason 0
[2019.09.22-16.01.32:594][698]LogActorFactory: Actor Factory created command_console_screens
[2019.09.22-16.01.40:479][948]LogActorFactory: Actor Factory created command_console_screens
[2019.09.22-16.02.16:191][365]LogSlate: FSceneViewport::OnFocusLost() reason 0
[2019.09.22-16.02.53:825][274]LogSlate: FSceneViewport::OnFocusLost() reason 0
[2019.09.22-16.02.53:998][290]LogActorFactory: Actor Factory created command_console_console_middle
[2019.09.22-16.02.55:209][320]LogActorFactory: Actor Factory created command_console_console_middle
[2019.09.22-16.03.07:656][ 63]LogEditorViewport: Clicking on Actor (LMB): RoomBase_C (RoomBase)
[2019.09.22-16.03.10:972][177]LogEditorViewport: Clicking on Actor (LMB): StaticMeshActor (command_console_console_middle)
[2019.09.22-16.03.20:600][835]LogEditorViewport: Clicking on Actor (LMB): RoomBase_C (RoomBase)
[2019.09.22-16.03.40:212][475]LogEditorViewport: Clicking on Actor (LMB): StaticMeshActor (command_console_screens)
[2019.09.22-16.03.47:125][ 43]LogEditorViewport: Clicking on Actor (LMB): RoomBase_C (RoomBase)
[2019.09.22-16.03.59:101][571]LogEditorViewport: Clicking on Actor (LMB): StaticMeshActor (command_console_console)
[2019.09.22-16.04.16:438][768]LogSlate: FSceneViewport::OnFocusLost() reason 0
[2019.09.22-16.04.16:513][777]LogTemp: Repeating last play command: Selected Viewport
[2019.09.22-16.04.16:546][777]LogBlueprintUserMessages: Early PlayInEditor Detection: Level '/Game/TopDownBP/Maps/TopDownExampleMap.TopDownExampleMap:PersistentLevel' has LevelScriptBlueprint '/Game/TopDownBP/Maps/TopDownExampleMap.TopDownExampleMap:PersistentLevel.TopDownExampleMap' with GeneratedClass '/Game/TopDownBP/Maps/TopDownExampleMap.TopDownExampleMap_C' with ClassGeneratedBy '/Game/TopDownBP/Maps/TopDownExampleMap.TopDownExampleMap:PersistentLevel.TopDownExampleMap'
[2019.09.22-16.04.16:546][777]LogPlayLevel: PlayLevel: No blueprints needed recompiling
[2019.09.22-16.04.16:546][777]PIE: New page: PIE session: TopDownExampleMap (Sep 22, 2019, 8:04:16 AM)
[2019.09.22-16.04.16:546][777]LogPlayLevel: Creating play world package: /Game/TopDownBP/Maps/UEDPIE_0_TopDownExampleMap
[2019.09.22-16.04.16:750][777]LogPlayLevel: PIE: StaticDuplicateObject took: (0.203816s)
[2019.09.22-16.04.16:751][777]LogAIModule: Creating AISystem for world TopDownExampleMap
[2019.09.22-16.04.16:751][777]LogPlayLevel: PIE: World Init took: (0.001001s)
[2019.09.22-16.04.16:751][777]LogPlayLevel: PIE: Created PIE world by copying editor world from /Game/TopDownBP/Maps/TopDownExampleMap.TopDownExampleMap to /Game/TopDownBP/Maps/UEDPIE_0_TopDownExampleMap.TopDownExampleMap (0.204987s)
[2019.09.22-16.04.16:845][777]LogUObjectHash: Compacting FUObjectHashTables data took   3.09ms
[2019.09.22-16.04.16:859][777]LogInit: XAudio2 using 'Speakers (Realtek High Definition Audio)' : 2 channels at 48 kHz using 32 bits per sample (channel mask 0x3)
[2019.09.22-16.04.16:893][777]LogInit: FAudioDevice initialized.
[2019.09.22-16.04.16:922][777]LogLoad: Game class is 'TopDownGameMode_C'
[2019.09.22-16.04.17:033][777]LogWorld: Bringing World /Game/TopDownBP/Maps/UEDPIE_0_TopDownExampleMap.TopDownExampleMap up for play (max tick rate 0) at 2019.09.22-12.04.17
[2019.09.22-16.04.17:066][777]LogWorld: Bringing up level for play took: 0.143210
[2019.09.22-16.04.17:197][777]PIE: Play in editor start time for /Game/TopDownBP/Maps/UEDPIE_0_TopDownExampleMap -0.155
[2019.09.22-16.04.17:198][777]LogBlueprintUserMessages: Late PlayInEditor Detection: Level '/Game/TopDownBP/Maps/TopDownExampleMap.TopDownExampleMap:PersistentLevel' has LevelScriptBlueprint '/Game/TopDownBP/Maps/TopDownExampleMap.TopDownExampleMap:PersistentLevel.TopDownExampleMap' with GeneratedClass '/Game/TopDownBP/Maps/TopDownExampleMap.TopDownExampleMap_C' with ClassGeneratedBy '/Game/TopDownBP/Maps/TopDownExampleMap.TopDownExampleMap:PersistentLevel.TopDownExampleMap'
[2019.09.22-16.04.17:294][778]LogCharacterMovement: Warning: GetSimulationTimeStep() - Max iterations 8 hit while remaining time 0.100000 > MaxSimulationTimeStep (0.050) for 'AIPawn_C_10', movement 'Falling'
[2019.09.22-16.04.17:295][778]LogCharacterMovement: Warning: GetSimulationTimeStep() - Max iterations 8 hit while remaining time 0.100000 > MaxSimulationTimeStep (0.050) for 'AIPawn_C_12', movement 'Falling'
[2019.09.22-16.04.17:298][778]LogCharacterMovement: Warning: GetSimulationTimeStep() - Max iterations 8 hit while remaining time 0.100000 > MaxSimulationTimeStep (0.050) for 'AIPawn_C_15', movement 'Falling'
[2019.09.22-16.04.17:302][778]LogCharacterMovement: Warning: GetSimulationTimeStep() - Max iterations 8 hit while remaining time 0.100000 > MaxSimulationTimeStep (0.050) for 'AIPawn_C_18', movement 'Falling'
[2019.09.22-16.04.17:305][778]LogCharacterMovement: Warning: GetSimulationTimeStep() - Max iterations 8 hit while remaining time 0.100000 > MaxSimulationTimeStep (0.050) for 'AIPawn_C_21', movement 'Falling'
[2019.09.22-16.04.17:308][778]LogCharacterMovement: Warning: GetSimulationTimeStep() - Max iterations 8 hit while remaining time 0.100000 > MaxSimulationTimeStep (0.050) for 'AIPawn_C_24', movement 'Falling'
[2019.09.22-16.04.17:311][778]LogCharacterMovement: Warning: GetSimulationTimeStep() - Max iterations 8 hit while remaining time 0.100000 > MaxSimulationTimeStep (0.050) for 'AIPawn_C_27', movement 'Falling'
[2019.09.22-16.04.17:312][778]LogCharacterMovement: Warning: GetSimulationTimeStep() - Max iterations 8 hit while remaining time 0.100000 > MaxSimulationTimeStep (0.050) for 'AIPawn_C_29', movement 'Falling'
[2019.09.22-16.04.17:317][778]LogCharacterMovement: Warning: GetSimulationTimeStep() - Max iterations 8 hit while remaining time 0.100000 > MaxSimulationTimeStep (0.050) for 'AIPawn_C_33', movement 'Falling'
[2019.09.22-16.04.17:318][778]LogCharacterMovement: Warning: GetSimulationTimeStep() - Max iterations 8 hit while remaining time 0.100000 > MaxSimulationTimeStep (0.050) for 'AIPawn_C_36', movement 'Falling'
[2019.09.22-16.04.17:320][778]LogCharacterMovement: Warning: GetSimulationTimeStep() - Max iterations 8 hit while remaining time 0.100000 > MaxSimulationTimeStep (0.050) for 'AIPawn_C_40', movement 'Falling'
[2019.09.22-16.04.17:327][778]LogCharacterMovement: Warning: GetSimulationTimeStep() - Max iterations 8 hit while remaining time 0.100000 > MaxSimulationTimeStep (0.050) for 'AIPawn_C_46', movement 'Falling'
[2019.09.22-16.04.17:332][778]LogCharacterMovement: Warning: GetSimulationTimeStep() - Max iterations 8 hit while remaining time 0.100000 > MaxSimulationTimeStep (0.050) for 'AIPawn_C_50', movement 'Falling'
[2019.09.22-16.04.17:338][778]LogCharacterMovement: Warning: GetSimulationTimeStep() - Max iterations 8 hit while remaining time 0.100000 > MaxSimulationTimeStep (0.050) for 'AIPawn_C_54', movement 'Falling'
[2019.09.22-16.04.17:340][778]LogCharacterMovement: Warning: GetSimulationTimeStep() - Max iterations 8 hit while remaining time 0.100000 > MaxSimulationTimeStep (0.050) for 'AIPawn_C_56', movement 'Falling'
[2019.09.22-16.04.17:343][778]LogCharacterMovement: Warning: GetSimulationTimeStep() - Max iterations 8 hit while remaining time 0.100000 > MaxSimulationTimeStep (0.050) for 'AIPawn_C_60', movement 'Falling'
[2019.09.22-16.04.17:348][778]LogCharacterMovement: Warning: GetSimulationTimeStep() - Max iterations 8 hit while remaining time 0.100000 > MaxSimulationTimeStep (0.050) for 'AIPawn_C_64', movement 'Falling'
[2019.09.22-16.04.17:351][778]LogCharacterMovement: Warning: GetSimulationTimeStep() - Max iterations 8 hit while remaining time 0.100000 > MaxSimulationTimeStep (0.050) for 'AIPawn_C_67', movement 'Falling'
[2019.09.22-16.04.17:359][778]LogCharacterMovement: Warning: GetSimulationTimeStep() - Max iterations 8 hit while remaining time 0.100000 > MaxSimulationTimeStep (0.050) for 'AIPawn_C_80', movement 'Falling'
[2019.09.22-16.04.17:359][778]LogCharacterMovement: Warning: GetSimulationTimeStep() - Max iterations 8 hit while remaining time 0.100000 > MaxSimulationTimeStep (0.050) for 'AIPawn_C_82', movement 'Falling'
[2019.09.22-16.04.17:360][778]LogCharacterMovement: Warning: GetSimulationTimeStep() - Max iterations 8 hit while remaining time 0.100000 > MaxSimulationTimeStep (0.050) for 'AIPawn_C_85', movement 'Falling'
[2019.09.22-16.04.17:361][778]LogCharacterMovement: Warning: GetSimulationTimeStep() - Max iterations 8 hit while remaining time 0.100000 > MaxSimulationTimeStep (0.050) for 'AIPawn_C_87', movement 'Falling'
[2019.09.22-16.04.17:364][778]LogCharacterMovement: Warning: GetSimulationTimeStep() - Max iterations 8 hit while remaining time 0.100000 > MaxSimulationTimeStep (0.050) for 'AIPawn_C_91', movement 'Falling'
[2019.09.22-16.04.17:365][778]LogCharacterMovement: Warning: GetSimulationTimeStep() - Max iterations 8 hit while remaining time 0.100000 > MaxSimulationTimeStep (0.050) for 'AIPawn_C_94', movement 'Falling'
[2019.09.22-16.04.17:368][778]LogCharacterMovement: Warning: GetSimulationTimeStep() - Max iterations 8 hit while remaining time 0.100000 > MaxSimulationTimeStep (0.050) for 'AIPawn_C_98', movement 'Falling'
[2019.09.22-16.04.17:373][778]LogCharacterMovement: Warning: GetSimulationTimeStep() - Max iterations 8 hit while remaining time 0.100000 > MaxSimulationTimeStep (0.050) for 'AIPawn_C_105', movement 'Falling'
[2019.09.22-16.04.17:376][778]LogCharacterMovement: Warning: GetSimulationTimeStep() - Max iterations 8 hit while remaining time 0.100000 > MaxSimulationTimeStep (0.050) for 'AIPawn_C_109', movement 'Falling'
[2019.09.22-16.04.17:376][778]LogCharacterMovement: Warning: GetSimulationTimeStep() - Max iterations 8 hit while remaining time 0.100000 > MaxSimulationTimeStep (0.050) for 'AIPawn_C_111', movement 'Falling'
[2019.09.22-16.04.17:377][778]LogCharacterMovement: Warning: GetSimulationTimeStep() - Max iterations 8 hit while remaining time 0.100000 > MaxSimulationTimeStep (0.050) for 'AIPawn_C_115', movement 'Falling'
[2019.09.22-16.04.17:380][778]LogCharacterMovement: Warning: GetSimulationTimeStep() - Max iterations 8 hit while remaining time 0.100000 > MaxSimulationTimeStep (0.050) for 'AIPawn_C_119', movement 'Falling'
[2019.09.22-16.04.17:384][778]LogCharacterMovement: Warning: GetSimulationTimeStep() - Max iterations 8 hit while remaining time 0.100000 > MaxSimulationTimeStep (0.050) for 'AIPawn_C_123', movement 'Falling'
[2019.09.22-16.04.17:385][778]LogCharacterMovement: Warning: GetSimulationTimeStep() - Max iterations 8 hit while remaining time 0.100000 > MaxSimulationTimeStep (0.050) for 'AIPawn_C_125', movement 'Falling'
[2019.09.22-16.04.44:197][815]LogSlate: FSceneViewport::OnFocusLost() reason 0
[2019.09.22-16.04.44:309][821]LogBlueprintUserMessages: Early EndPlayMap Detection: Level '/Game/TopDownBP/Maps/TopDownExampleMap.TopDownExampleMap:PersistentLevel' has LevelScriptBlueprint '/Game/TopDownBP/Maps/TopDownExampleMap.TopDownExampleMap:PersistentLevel.TopDownExampleMap' with GeneratedClass '/Game/TopDownBP/Maps/TopDownExampleMap.TopDownExampleMap_C' with ClassGeneratedBy '/Game/TopDownBP/Maps/TopDownExampleMap.TopDownExampleMap:PersistentLevel.TopDownExampleMap'
[2019.09.22-16.04.44:309][821]LogSlate: Updating window title bar state: overlay mode, drag disabled, window buttons hidden, title bar hidden
[2019.09.22-16.04.44:400][821]LogPlayLevel: Display: Shutting down PIE online subsystems
[2019.09.22-16.04.44:400][821]LogBlueprintUserMessages: Late EndPlayMap Detection: Level '/Game/TopDownBP/Maps/TopDownExampleMap.TopDownExampleMap:PersistentLevel' has LevelScriptBlueprint '/Game/TopDownBP/Maps/TopDownExampleMap.TopDownExampleMap:PersistentLevel.TopDownExampleMap' with GeneratedClass '/Game/TopDownBP/Maps/TopDownExampleMap.TopDownExampleMap_C' with ClassGeneratedBy '/Game/TopDownBP/Maps/TopDownExampleMap.TopDownExampleMap:PersistentLevel.TopDownExampleMap'
[2019.09.22-16.04.44:528][821]LogSlate: Updating window title bar state: overlay mode, drag disabled, window buttons hidden, title bar hidden
[2019.09.22-16.04.44:547][821]LogUObjectHash: Compacting FUObjectHashTables data took   3.63ms
[2019.09.22-16.04.44:564][822]LogPlayLevel: Display: Destroying online subsystem :Context_12
[2019.09.22-16.04.47:943][187]LogUObjectHash: Compacting FUObjectHashTables data took   0.96ms
[2019.09.22-16.04.50:851][187]LogSavePackage: Moving '../../../../../../Users/amsbu/OneDrive/Desktop/Game-480-Adhoc/MurphyStation/Saved/TopDownExampleMap7B3609EC470522B36CE05786ABDECB8F.tmp' to '../../../../../../Users/amsbu/OneDrive/Desktop/Game-480-Adhoc/MurphyStation/Content/TopDownBP/Maps/TopDownExampleMap.umap'
[2019.09.22-16.04.51:216][187]LogSavePackage: Moving '../../../../../../Users/amsbu/OneDrive/Desktop/Game-480-Adhoc/MurphyStation/Saved/TopDownExampleMap_BuiltData8BF6B9B64C90F792D0BDD18ED80E1ABC.tmp' to '../../../../../../Users/amsbu/OneDrive/Desktop/Game-480-Adhoc/MurphyStation/Content/TopDownBP/Maps/TopDownExampleMap_BuiltData.uasset'
[2019.09.22-16.05.16:919][396]LogHttp: Warning: 0000019F8FE8AC00: request failed, libcurl error: 6 (Couldn't resolve host name)
[2019.09.22-16.05.16:919][396]LogHttp: Warning: 0000019F8FE8AC00: libcurl info message cache 0 (Connection 32 seems to be dead!)
[2019.09.22-16.05.16:919][396]LogHttp: Warning: 0000019F8FE8AC00: libcurl info message cache 1 (Closing connection 32)
[2019.09.22-16.05.16:919][396]LogHttp: Warning: 0000019F8FE8AC00: libcurl info message cache 2 (TLSv1.2 (OUT), TLS alert, Client hello (1):)
[2019.09.22-16.05.16:919][396]LogHttp: Warning: 0000019F8FE8AC00: libcurl info message cache 3 (Could not resolve host: datarouter.ol.epicgames.com)
[2019.09.22-16.05.16:919][396]LogHttp: Warning: 0000019F8FE8AC00: libcurl info message cache 4 (Closing connection 33)
[2019.09.22-16.05.16:920][396]LogHttp: Warning: Retry exhausted on https://datarouter.ol.epicgames.com/datarouter/api/v1/public/data?SessionID=%7B1D6C0910-428D-1576-F243-61B5579DC43C%7D&AppID=UEEditor.Rocket.Release&AppVersion=4.22.3-7053642%2B%2B%2BUE4%2BRelease-4.22&UserID=0808f7e74d7f3ac12d34a68901cd3b2e%7Ce96045aa47434b0bb4010ff0feb5f17e%7Cdcb92f34-db3f-4662-be5f-67da1f0dde63&AppEnvironment=datacollector-binary&UploadType=eteventstream
